#! /usr/bin/vvp
:ivl_version "11.0 (stable)";
:ivl_delay_selection "TYPICAL";
:vpi_time_precision + 0;
:vpi_module "/usr/lib/x86_64-linux-gnu/ivl/system.vpi";
:vpi_module "/usr/lib/x86_64-linux-gnu/ivl/vhdl_sys.vpi";
:vpi_module "/usr/lib/x86_64-linux-gnu/ivl/vhdl_textio.vpi";
:vpi_module "/usr/lib/x86_64-linux-gnu/ivl/v2005_math.vpi";
:vpi_module "/usr/lib/x86_64-linux-gnu/ivl/va_math.vpi";
:vpi_module "/usr/lib/x86_64-linux-gnu/ivl/v2009.vpi";
S_0x562ddfdc9aa0 .scope package, "$unit" "$unit" 2 1;
 .timescale 0 0;
S_0x562ddfdf31e0 .scope module, "tb_processor" "tb_processor" 3 4;
 .timescale 0 0;
v0x562ddfe2f270_0 .var "clk", 0 0;
v0x562ddfe2f310_0 .var/i "i", 31 0;
v0x562ddfe2f3f0_0 .var "rst", 0 0;
S_0x562ddfded850 .scope module, "uut" "processor" 3 11, 4 9 0, S_0x562ddfdf31e0;
 .timescale 0 0;
    .port_info 0 /INPUT 1 "clk";
    .port_info 1 /INPUT 1 "rst";
v0x562ddfe2c2d0_0 .net "ALUControlE", 2 0, v0x562ddfe16cc0_0;  1 drivers
v0x562ddfe2c3b0_0 .net "ALUResultM", 31 0, v0x562ddfe1df90_0;  1 drivers
v0x562ddfe2c470_0 .net "ALUResultW", 31 0, L_0x562ddfe43770;  1 drivers
v0x562ddfe2c510_0 .net "ALUSrcE", 0 0, L_0x562ddfe41150;  1 drivers
v0x562ddfe2c5b0_0 .net "BranchE", 0 0, v0x562ddfe17210_0;  1 drivers
v0x562ddfe2c6a0_0 .net "FlushD", 0 0, L_0x562ddfe46a90;  1 drivers
v0x562ddfe2c790_0 .net "FlushE", 0 0, L_0x562ddfe46610;  1 drivers
v0x562ddfe2c880_0 .net "ForwardAE", 1 0, L_0x562ddfe44960;  1 drivers
v0x562ddfe2c940_0 .net "ForwardBE", 1 0, L_0x562ddfe45c60;  1 drivers
v0x562ddfe2ca00_0 .net "ImmExtE", 31 0, v0x562ddfe17510_0;  1 drivers
v0x562ddfe2cb50_0 .net "InstrD", 31 0, v0x562ddfe22b70_0;  1 drivers
v0x562ddfe2cc10_0 .net "JumpE", 0 0, v0x562ddfe178f0_0;  1 drivers
v0x562ddfe2ccb0_0 .net "MemWriteE", 0 0, L_0x562ddfe40f30;  1 drivers
v0x562ddfe2cda0_0 .net "MemWriteM", 0 0, L_0x562ddfe42de0;  1 drivers
v0x562ddfe2ce40_0 .net "PCD", 31 0, L_0x562ddfdf0a90;  1 drivers
v0x562ddfe2cf50_0 .net "PCE", 31 0, v0x562ddfe17dc0_0;  1 drivers
v0x562ddfe2d010_0 .net "PCPlus4D", 31 0, L_0x562ddfd4fd10;  1 drivers
v0x562ddfe2d230_0 .net "PCPlus4E", 31 0, L_0x562ddfe40c00;  1 drivers
v0x562ddfe2d340_0 .net "PCPlus4M", 31 0, L_0x562ddfe42cb0;  1 drivers
v0x562ddfe2d450_0 .net "PCPlus4W", 31 0, L_0x562ddfe43970;  1 drivers
v0x562ddfe2d510_0 .net "PCSrcE", 0 0, L_0x562ddfe430b0;  1 drivers
v0x562ddfe2d5b0_0 .net "PCTargetE", 31 0, L_0x562ddfe413d0;  1 drivers
v0x562ddfe2d700_0 .net "RD1E", 31 0, L_0x562ddfe40990;  1 drivers
v0x562ddfe2d7c0_0 .net "RD2E", 31 0, L_0x562ddfe40a00;  1 drivers
v0x562ddfe2d880_0 .net "RdE", 4 0, v0x562ddfe186e0_0;  1 drivers
v0x562ddfe2d940_0 .net "RdEH", 4 0, L_0x562ddfe42860;  1 drivers
v0x562ddfe2da00_0 .net "RdM", 4 0, v0x562ddfe1f030_0;  1 drivers
v0x562ddfe2db10_0 .net "RdMH", 4 0, L_0x562ddfe43570;  1 drivers
v0x562ddfe2dc20_0 .net "RdW", 4 0, v0x562ddfe29da0_0;  1 drivers
v0x562ddfe2dd70_0 .net "RdWH", 4 0, L_0x562ddfe43c90;  1 drivers
v0x562ddfe2de30_0 .net "ReadDataW", 31 0, L_0x562ddfe43870;  1 drivers
v0x562ddfe2def0_0 .net "RegWriteE", 0 0, L_0x562ddfe40ec0;  1 drivers
v0x562ddfe2dfe0_0 .net "RegWriteM", 0 0, v0x562ddfe1f290_0;  1 drivers
v0x562ddfe2e0d0_0 .net "RegWriteMH", 0 0, L_0x562ddfe43670;  1 drivers
v0x562ddfe2e1c0_0 .net "RegWriteW", 0 0, v0x562ddfe2a320_0;  1 drivers
v0x562ddfe2e2f0_0 .net "RegWriteWH", 0 0, L_0x562ddfe43d00;  1 drivers
v0x562ddfe2e390_0 .net "ResultSrcE", 1 0, v0x562ddfe18d40_0;  1 drivers
v0x562ddfe2e4a0_0 .net "ResultSrcEH", 0 0, L_0x562ddfe42960;  1 drivers
v0x562ddfe2e590_0 .net "ResultSrcM", 1 0, L_0x562ddfe42ee0;  1 drivers
v0x562ddfe2e6a0_0 .net "ResultSrcW", 1 0, L_0x562ddfe43b90;  1 drivers
v0x562ddfe2e760_0 .net "ResultW", 31 0, v0x562ddfe2b4b0_0;  1 drivers
v0x562ddfe2e820_0 .net "Rs1DH", 4 0, L_0x562ddfe40800;  1 drivers
v0x562ddfe2e930_0 .net "Rs1E", 4 0, v0x562ddfe19080_0;  1 drivers
v0x562ddfe2ea40_0 .net "Rs1EH", 4 0, L_0x562ddfe42260;  1 drivers
v0x562ddfe2eb50_0 .net "Rs2DH", 4 0, L_0x562ddfe408a0;  1 drivers
v0x562ddfe2ec60_0 .net "Rs2E", 4 0, v0x562ddfe19320_0;  1 drivers
v0x562ddfe2ed70_0 .net "Rs2EH", 4 0, L_0x562ddfe42760;  1 drivers
v0x562ddfe2ee80_0 .net "StallD", 0 0, L_0x562ddfe466b0;  1 drivers
v0x562ddfe2ef70_0 .net "StallF", 0 0, L_0x562ddfe469a0;  1 drivers
v0x562ddfe2f010_0 .net "WriteDataM", 31 0, L_0x562ddfe42b00;  1 drivers
v0x562ddfe2f0d0_0 .net "clk", 0 0, v0x562ddfe2f270_0;  1 drivers
v0x562ddfe2f170_0 .net "rst", 0 0, v0x562ddfe2f3f0_0;  1 drivers
S_0x562ddfdedc30 .scope module, "Decode" "decodeStage" 4 82, 5 6 0, S_0x562ddfded850;
 .timescale 0 0;
    .port_info 0 /INPUT 1 "clk";
    .port_info 1 /INPUT 1 "rst";
    .port_info 2 /INPUT 32 "InstrD";
    .port_info 3 /INPUT 32 "PCD";
    .port_info 4 /INPUT 32 "PCPlus4D";
    .port_info 5 /INPUT 32 "ResultW";
    .port_info 6 /INPUT 1 "RegWriteW";
    .port_info 7 /INPUT 5 "RdW";
    .port_info 8 /INPUT 1 "FlushE";
    .port_info 9 /OUTPUT 32 "RD1E";
    .port_info 10 /OUTPUT 32 "RD2E";
    .port_info 11 /OUTPUT 32 "PCE";
    .port_info 12 /OUTPUT 5 "Rs1E";
    .port_info 13 /OUTPUT 5 "Rs2E";
    .port_info 14 /OUTPUT 5 "RdE";
    .port_info 15 /OUTPUT 32 "ImmExtE";
    .port_info 16 /OUTPUT 32 "PCPlus4E";
    .port_info 17 /OUTPUT 1 "RegWriteE";
    .port_info 18 /OUTPUT 1 "MemWriteE";
    .port_info 19 /OUTPUT 1 "JumpE";
    .port_info 20 /OUTPUT 1 "BranchE";
    .port_info 21 /OUTPUT 1 "ALUSrcE";
    .port_info 22 /OUTPUT 2 "ResultSrcE";
    .port_info 23 /OUTPUT 3 "ALUControlE";
    .port_info 24 /OUTPUT 5 "Rs1DH";
    .port_info 25 /OUTPUT 5 "Rs2DH";
L_0x562ddfe40990 .functor BUFZ 32, v0x562ddfe182e0_0, C4<00000000000000000000000000000000>, C4<00000000000000000000000000000000>, C4<00000000000000000000000000000000>;
L_0x562ddfe40a00 .functor BUFZ 32, v0x562ddfe18540_0, C4<00000000000000000000000000000000>, C4<00000000000000000000000000000000>, C4<00000000000000000000000000000000>;
L_0x562ddfe40c00 .functor BUFZ 32, v0x562ddfe18060_0, C4<00000000000000000000000000000000>, C4<00000000000000000000000000000000>, C4<00000000000000000000000000000000>;
L_0x562ddfe40ec0 .functor BUFZ 1, v0x562ddfe18a50_0, C4<0>, C4<0>, C4<0>;
L_0x562ddfe40f30 .functor BUFZ 1, v0x562ddfe17b60_0, C4<0>, C4<0>, C4<0>;
L_0x562ddfe41150 .functor BUFZ 1, v0x562ddfe16f50_0, C4<0>, C4<0>, C4<0>;
v0x562ddfe16be0_0 .net "ALUControlD", 2 0, v0x562ddfdcd230_0;  1 drivers
v0x562ddfe16cc0_0 .var "ALUControlD_reg", 2 0;
v0x562ddfe16da0_0 .net "ALUControlE", 2 0, v0x562ddfe16cc0_0;  alias, 1 drivers
v0x562ddfe16e60_0 .net "ALUSrcD", 0 0, v0x562ddfdf8570_0;  1 drivers
v0x562ddfe16f50_0 .var "ALUSrcD_reg", 0 0;
v0x562ddfe17060_0 .net "ALUSrcE", 0 0, L_0x562ddfe41150;  alias, 1 drivers
v0x562ddfe17120_0 .net "BranchD", 0 0, v0x562ddfe14380_0;  1 drivers
v0x562ddfe17210_0 .var "BranchD_reg", 0 0;
v0x562ddfe172d0_0 .net "BranchE", 0 0, v0x562ddfe17210_0;  alias, 1 drivers
v0x562ddfe17390_0 .net "FlushE", 0 0, L_0x562ddfe46610;  alias, 1 drivers
v0x562ddfe17450_0 .net "ImmExtD", 31 0, v0x562ddfe15830_0;  1 drivers
v0x562ddfe17510_0 .var "ImmExtD_reg", 31 0;
v0x562ddfe175d0_0 .net "ImmExtE", 31 0, v0x562ddfe17510_0;  alias, 1 drivers
v0x562ddfe176b0_0 .net "ImmSrcD", 1 0, v0x562ddfe14420_0;  1 drivers
v0x562ddfe17770_0 .net "InstrD", 31 0, v0x562ddfe22b70_0;  alias, 1 drivers
v0x562ddfe17850_0 .net "JumpD", 0 0, v0x562ddfe14500_0;  1 drivers
v0x562ddfe178f0_0 .var "JumpD_reg", 0 0;
v0x562ddfe179b0_0 .net "JumpE", 0 0, v0x562ddfe178f0_0;  alias, 1 drivers
v0x562ddfe17a70_0 .net "MemWriteD", 0 0, v0x562ddfe14610_0;  1 drivers
v0x562ddfe17b60_0 .var "MemWriteD_reg", 0 0;
v0x562ddfe17c20_0 .net "MemWriteE", 0 0, L_0x562ddfe40f30;  alias, 1 drivers
v0x562ddfe17ce0_0 .net "PCD", 31 0, L_0x562ddfdf0a90;  alias, 1 drivers
v0x562ddfe17dc0_0 .var "PCD_reg", 31 0;
v0x562ddfe17ea0_0 .net "PCE", 31 0, v0x562ddfe17dc0_0;  alias, 1 drivers
v0x562ddfe17f80_0 .net "PCPlus4D", 31 0, L_0x562ddfd4fd10;  alias, 1 drivers
v0x562ddfe18060_0 .var "PCPlus4D_reg", 31 0;
v0x562ddfe18140_0 .net "PCPlus4E", 31 0, L_0x562ddfe40c00;  alias, 1 drivers
v0x562ddfe18220_0 .net "RD1", 31 0, L_0x562ddfe3fad0;  1 drivers
v0x562ddfe182e0_0 .var "RD1D_reg", 31 0;
v0x562ddfe183a0_0 .net "RD1E", 31 0, L_0x562ddfe40990;  alias, 1 drivers
v0x562ddfe18480_0 .net "RD2", 31 0, L_0x562ddfe3fe90;  1 drivers
v0x562ddfe18540_0 .var "RD2D_reg", 31 0;
v0x562ddfe18600_0 .net "RD2E", 31 0, L_0x562ddfe40a00;  alias, 1 drivers
v0x562ddfe186e0_0 .var "RdD_reg", 4 0;
v0x562ddfe187c0_0 .net "RdE", 4 0, v0x562ddfe186e0_0;  alias, 1 drivers
v0x562ddfe188a0_0 .net "RdW", 4 0, v0x562ddfe29da0_0;  alias, 1 drivers
v0x562ddfe18960_0 .net "RegWriteD", 0 0, v0x562ddfe14870_0;  1 drivers
v0x562ddfe18a50_0 .var "RegWriteD_reg", 0 0;
v0x562ddfe18af0_0 .net "RegWriteE", 0 0, L_0x562ddfe40ec0;  alias, 1 drivers
v0x562ddfe18bb0_0 .net "RegWriteW", 0 0, v0x562ddfe2a320_0;  alias, 1 drivers
v0x562ddfe18c50_0 .net "ResultSrcD", 1 0, v0x562ddfe14930_0;  1 drivers
v0x562ddfe18d40_0 .var "ResultSrcD_reg", 1 0;
v0x562ddfe18e20_0 .net "ResultSrcE", 1 0, v0x562ddfe18d40_0;  alias, 1 drivers
v0x562ddfe18f00_0 .net "ResultW", 31 0, v0x562ddfe2b4b0_0;  alias, 1 drivers
v0x562ddfe18fc0_0 .net "Rs1DH", 4 0, L_0x562ddfe40800;  alias, 1 drivers
v0x562ddfe19080_0 .var "Rs1D_reg", 4 0;
v0x562ddfe19160_0 .net "Rs1E", 4 0, v0x562ddfe19080_0;  alias, 1 drivers
v0x562ddfe19240_0 .net "Rs2DH", 4 0, L_0x562ddfe408a0;  alias, 1 drivers
v0x562ddfe19320_0 .var "Rs2D_reg", 4 0;
v0x562ddfe19400_0 .net "Rs2E", 4 0, v0x562ddfe19320_0;  alias, 1 drivers
v0x562ddfe194e0_0 .net "clk", 0 0, v0x562ddfe2f270_0;  alias, 1 drivers
v0x562ddfe19580_0 .net "rst", 0 0, v0x562ddfe2f3f0_0;  alias, 1 drivers
E_0x562ddfd6f890 .event posedge, v0x562ddfe16a00_0, v0x562ddfe167c0_0;
L_0x562ddfe40060 .part v0x562ddfe22b70_0, 15, 5;
L_0x562ddfe401e0 .part v0x562ddfe22b70_0, 20, 5;
L_0x562ddfe40280 .part v0x562ddfe22b70_0, 7, 25;
L_0x562ddfe40500 .part v0x562ddfe22b70_0, 0, 7;
L_0x562ddfe40630 .part v0x562ddfe22b70_0, 12, 3;
L_0x562ddfe406d0 .part v0x562ddfe22b70_0, 30, 1;
L_0x562ddfe40800 .part v0x562ddfe22b70_0, 15, 5;
L_0x562ddfe408a0 .part v0x562ddfe22b70_0, 20, 5;
S_0x562ddfdec520 .scope module, "Control_Unit" "controlUnit" 5 70, 6 5 0, S_0x562ddfdedc30;
 .timescale 0 0;
    .port_info 0 /INPUT 7 "Op";
    .port_info 1 /INPUT 3 "funct3";
    .port_info 2 /INPUT 1 "funct7";
    .port_info 3 /OUTPUT 1 "RegWrite";
    .port_info 4 /OUTPUT 1 "MemWrite";
    .port_info 5 /OUTPUT 1 "Jump";
    .port_info 6 /OUTPUT 1 "Branch";
    .port_info 7 /OUTPUT 1 "ALUSrc";
    .port_info 8 /OUTPUT 2 "ResultSrc";
    .port_info 9 /OUTPUT 2 "ImmSrc";
    .port_info 10 /OUTPUT 3 "ALUControl";
    .port_info 11 /OUTPUT 1 "Op5";
v0x562ddfe14b50_0 .net "ALUControl", 2 0, v0x562ddfdcd230_0;  alias, 1 drivers
v0x562ddfe14c30_0 .net "ALUOp", 1 0, v0x562ddfd96c20_0;  1 drivers
v0x562ddfe14cd0_0 .net "ALUSrc", 0 0, v0x562ddfdf8570_0;  alias, 1 drivers
v0x562ddfe14d70_0 .net "Branch", 0 0, v0x562ddfe14380_0;  alias, 1 drivers
v0x562ddfe14e10_0 .net "ImmSrc", 1 0, v0x562ddfe14420_0;  alias, 1 drivers
v0x562ddfe14f00_0 .net "Jump", 0 0, v0x562ddfe14500_0;  alias, 1 drivers
v0x562ddfe14fa0_0 .net "MemWrite", 0 0, v0x562ddfe14610_0;  alias, 1 drivers
v0x562ddfe15040_0 .net "Op", 6 0, L_0x562ddfe40500;  1 drivers
v0x562ddfe150e0_0 .net "Op5", 0 0, L_0x562ddfe40320;  1 drivers
v0x562ddfe151b0_0 .net "RegWrite", 0 0, v0x562ddfe14870_0;  alias, 1 drivers
v0x562ddfe15280_0 .net "ResultSrc", 1 0, v0x562ddfe14930_0;  alias, 1 drivers
v0x562ddfe15350_0 .net "funct3", 2 0, L_0x562ddfe40630;  1 drivers
v0x562ddfe15420_0 .net "funct7", 0 0, L_0x562ddfe406d0;  1 drivers
L_0x562ddfe40460 .part L_0x562ddfe40500, 5, 1;
S_0x562ddfe07170 .scope module, "ALU_Decoder" "ALUDecoder" 6 32, 7 3 0, S_0x562ddfdec520;
 .timescale 0 0;
    .port_info 0 /INPUT 2 "ALUOp";
    .port_info 1 /INPUT 3 "funct3";
    .port_info 2 /INPUT 1 "funct7";
    .port_info 3 /INPUT 1 "Op5";
    .port_info 4 /OUTPUT 3 "ALUControl";
v0x562ddfdcd230_0 .var "ALUControl", 2 0;
v0x562ddfdc88b0_0 .net "ALUOp", 1 0, v0x562ddfd96c20_0;  alias, 1 drivers
v0x562ddfdc89b0_0 .net "Op5", 0 0, L_0x562ddfe40460;  1 drivers
v0x562ddfdf0bb0_0 .net "funct3", 2 0, L_0x562ddfe40630;  alias, 1 drivers
v0x562ddfdf0c50_0 .net "funct7", 0 0, L_0x562ddfe406d0;  alias, 1 drivers
E_0x562ddfd6f8d0 .event edge, v0x562ddfdf0c50_0, v0x562ddfdc89b0_0, v0x562ddfdf0bb0_0, v0x562ddfdc88b0_0;
S_0x562ddfdf3d80 .scope module, "Main_Decoder" "mainDecoder" 6 19, 8 3 0, S_0x562ddfdec520;
 .timescale 0 0;
    .port_info 0 /INPUT 7 "Op";
    .port_info 1 /OUTPUT 1 "Branch";
    .port_info 2 /OUTPUT 1 "Jump";
    .port_info 3 /OUTPUT 1 "MemWrite";
    .port_info 4 /OUTPUT 1 "ALUSrc";
    .port_info 5 /OUTPUT 1 "RegWrite";
    .port_info 6 /OUTPUT 1 "Op5";
    .port_info 7 /OUTPUT 2 "ResultSrc";
    .port_info 8 /OUTPUT 2 "ImmSrc";
    .port_info 9 /OUTPUT 2 "ALUOp";
v0x562ddfd96c20_0 .var "ALUOp", 1 0;
v0x562ddfdf8570_0 .var "ALUSrc", 0 0;
v0x562ddfe14380_0 .var "Branch", 0 0;
v0x562ddfe14420_0 .var "ImmSrc", 1 0;
v0x562ddfe14500_0 .var "Jump", 0 0;
v0x562ddfe14610_0 .var "MemWrite", 0 0;
v0x562ddfe146d0_0 .net "Op", 6 0, L_0x562ddfe40500;  alias, 1 drivers
v0x562ddfe147b0_0 .net "Op5", 0 0, L_0x562ddfe40320;  alias, 1 drivers
v0x562ddfe14870_0 .var "RegWrite", 0 0;
v0x562ddfe14930_0 .var "ResultSrc", 1 0;
E_0x562ddfd1b230 .event edge, v0x562ddfe146d0_0;
L_0x562ddfe40320 .part L_0x562ddfe40500, 5, 1;
S_0x562ddfdf4160 .scope module, "Extender" "extender" 5 63, 9 3 0, S_0x562ddfdedc30;
 .timescale 0 0;
    .port_info 0 /INPUT 2 "ImmSrc";
    .port_info 1 /INPUT 25 "inp";
    .port_info 2 /OUTPUT 32 "out";
v0x562ddfe15620_0 .net "ImmSrc", 1 0, v0x562ddfe14420_0;  alias, 1 drivers
v0x562ddfe15750_0 .net "inp", 24 0, L_0x562ddfe40280;  1 drivers
v0x562ddfe15830_0 .var "out", 31 0;
E_0x562ddfe09f00 .event edge, v0x562ddfe15750_0, v0x562ddfe14420_0;
S_0x562ddfdf35c0 .scope module, "Register_File" "registerFile" 5 50, 10 3 0, S_0x562ddfdedc30;
 .timescale 0 0;
    .port_info 0 /INPUT 1 "clk";
    .port_info 1 /INPUT 1 "rst";
    .port_info 2 /INPUT 5 "A1";
    .port_info 3 /INPUT 5 "A2";
    .port_info 4 /INPUT 5 "A3";
    .port_info 5 /INPUT 32 "WD3";
    .port_info 6 /INPUT 1 "WE3";
    .port_info 7 /OUTPUT 32 "RD1";
    .port_info 8 /OUTPUT 32 "RD2";
v0x562ddfe15a60_0 .net "A1", 4 0, L_0x562ddfe40060;  1 drivers
v0x562ddfe15b40_0 .net "A2", 4 0, L_0x562ddfe401e0;  1 drivers
v0x562ddfe15c20_0 .net "A3", 4 0, v0x562ddfe29da0_0;  alias, 1 drivers
v0x562ddfe15d10_0 .net "RD1", 31 0, L_0x562ddfe3fad0;  alias, 1 drivers
v0x562ddfe15df0_0 .net "RD2", 31 0, L_0x562ddfe3fe90;  alias, 1 drivers
v0x562ddfe15f20_0 .net "WD3", 31 0, v0x562ddfe2b4b0_0;  alias, 1 drivers
v0x562ddfe16000_0 .net "WE3", 0 0, v0x562ddfe2a320_0;  alias, 1 drivers
L_0x7f2de1fe50a8 .functor BUFT 1, C4<00000000000000000000000000000000>, C4<0>, C4<0>, C4<0>;
v0x562ddfe160c0_0 .net/2u *"_ivl_0", 31 0, L_0x7f2de1fe50a8;  1 drivers
L_0x7f2de1fe5138 .functor BUFT 1, C4<00000000000000000000000000000000>, C4<0>, C4<0>, C4<0>;
v0x562ddfe161a0_0 .net/2u *"_ivl_10", 31 0, L_0x7f2de1fe5138;  1 drivers
v0x562ddfe16280_0 .net *"_ivl_12", 31 0, L_0x562ddfe3fcb0;  1 drivers
v0x562ddfe16360_0 .net *"_ivl_14", 6 0, L_0x562ddfe3fd50;  1 drivers
L_0x7f2de1fe5180 .functor BUFT 1, C4<00>, C4<0>, C4<0>, C4<0>;
v0x562ddfe16440_0 .net *"_ivl_17", 1 0, L_0x7f2de1fe5180;  1 drivers
v0x562ddfe16520_0 .net *"_ivl_2", 31 0, L_0x562ddfe3f8f0;  1 drivers
v0x562ddfe16600_0 .net *"_ivl_4", 6 0, L_0x562ddfe3f990;  1 drivers
L_0x7f2de1fe50f0 .functor BUFT 1, C4<00>, C4<0>, C4<0>, C4<0>;
v0x562ddfe166e0_0 .net *"_ivl_7", 1 0, L_0x7f2de1fe50f0;  1 drivers
v0x562ddfe167c0_0 .net "clk", 0 0, v0x562ddfe2f270_0;  alias, 1 drivers
v0x562ddfe16880 .array "r", 0 31, 31 0;
v0x562ddfe16940 .array "rm", 0 1, 31 0;
v0x562ddfe16a00_0 .net "rst", 0 0, v0x562ddfe2f3f0_0;  alias, 1 drivers
E_0x562ddfe0a1e0 .event edge, v0x562ddfe16000_0, v0x562ddfe15f20_0, v0x562ddfe15c20_0;
L_0x562ddfe3f8f0 .array/port v0x562ddfe16880, L_0x562ddfe3f990;
L_0x562ddfe3f990 .concat [ 5 2 0 0], L_0x562ddfe40060, L_0x7f2de1fe50f0;
L_0x562ddfe3fad0 .functor MUXZ 32, L_0x562ddfe3f8f0, L_0x7f2de1fe50a8, v0x562ddfe2f3f0_0, C4<>;
L_0x562ddfe3fcb0 .array/port v0x562ddfe16880, L_0x562ddfe3fd50;
L_0x562ddfe3fd50 .concat [ 5 2 0 0], L_0x562ddfe401e0, L_0x7f2de1fe5180;
L_0x562ddfe3fe90 .functor MUXZ 32, L_0x562ddfe3fcb0, L_0x7f2de1fe5138, v0x562ddfe2f3f0_0, C4<>;
S_0x562ddfe19a00 .scope module, "Execute" "executeStage" 4 118, 11 10 0, S_0x562ddfded850;
 .timescale 0 0;
    .port_info 0 /INPUT 1 "clk";
    .port_info 1 /INPUT 1 "rst";
    .port_info 2 /INPUT 32 "RD1E";
    .port_info 3 /INPUT 32 "RD2E";
    .port_info 4 /INPUT 32 "PCE";
    .port_info 5 /INPUT 5 "Rs1E";
    .port_info 6 /INPUT 5 "Rs2E";
    .port_info 7 /INPUT 5 "RdE";
    .port_info 8 /INPUT 32 "ImmExtE";
    .port_info 9 /INPUT 32 "PCPlus4E";
    .port_info 10 /INPUT 32 "ResultW";
    .port_info 11 /INPUT 1 "RegWriteE";
    .port_info 12 /INPUT 1 "ALUSrcE";
    .port_info 13 /INPUT 1 "MemWriteE";
    .port_info 14 /INPUT 1 "JumpE";
    .port_info 15 /INPUT 1 "BranchE";
    .port_info 16 /INPUT 2 "ResultSrcE";
    .port_info 17 /INPUT 2 "ForwardAE";
    .port_info 18 /INPUT 2 "ForwardBE";
    .port_info 19 /INPUT 3 "ALUControlE";
    .port_info 20 /OUTPUT 32 "ALUResultM";
    .port_info 21 /OUTPUT 32 "WriteDataM";
    .port_info 22 /OUTPUT 32 "PCPlus4M";
    .port_info 23 /OUTPUT 32 "PCTargetE";
    .port_info 24 /OUTPUT 5 "RdM";
    .port_info 25 /OUTPUT 1 "RegWriteM";
    .port_info 26 /OUTPUT 1 "MemWriteM";
    .port_info 27 /OUTPUT 1 "PCSrcE";
    .port_info 28 /OUTPUT 2 "ResultSrcM";
    .port_info 29 /OUTPUT 5 "Rs1EH";
    .port_info 30 /OUTPUT 5 "Rs2EH";
    .port_info 31 /OUTPUT 5 "RdEH";
    .port_info 32 /OUTPUT 1 "ResultSrcEH";
L_0x562ddfe42260 .functor BUFZ 5, v0x562ddfe19080_0, C4<00000>, C4<00000>, C4<00000>;
L_0x562ddfe42760 .functor BUFZ 5, v0x562ddfe19320_0, C4<00000>, C4<00000>, C4<00000>;
L_0x562ddfe42860 .functor BUFZ 5, v0x562ddfe186e0_0, C4<00000>, C4<00000>, C4<00000>;
L_0x562ddfe42b00 .functor BUFZ 32, v0x562ddfe20050_0, C4<00000000000000000000000000000000>, C4<00000000000000000000000000000000>, C4<00000000000000000000000000000000>;
L_0x562ddfe42cb0 .functor BUFZ 32, v0x562ddfe1e960_0, C4<00000000000000000000000000000000>, C4<00000000000000000000000000000000>, C4<00000000000000000000000000000000>;
L_0x562ddfe42de0 .functor BUFZ 1, v0x562ddfe1e6a0_0, C4<0>, C4<0>, C4<0>;
L_0x562ddfe42ee0 .functor BUFZ 2, v0x562ddfe1f580_0, C4<00>, C4<00>, C4<00>;
L_0x562ddfe42fb0 .functor AND 1, L_0x562ddfe42500, v0x562ddfe17210_0, C4<1>, C4<1>;
L_0x562ddfe430b0 .functor OR 1, L_0x562ddfe42fb0, v0x562ddfe178f0_0, C4<0>, C4<0>;
v0x562ddfe1dda0_0 .net "ALUControlE", 2 0, v0x562ddfe16cc0_0;  alias, 1 drivers
v0x562ddfe1ded0_0 .net "ALUResultE", 31 0, L_0x562ddfe421c0;  1 drivers
v0x562ddfe1df90_0 .var "ALUResultE_reg", 31 0;
v0x562ddfe1e030_0 .net "ALUResultM", 31 0, v0x562ddfe1df90_0;  alias, 1 drivers
v0x562ddfe1e140_0 .net "ALUSrcE", 0 0, L_0x562ddfe41150;  alias, 1 drivers
v0x562ddfe1e280_0 .net "BranchE", 0 0, v0x562ddfe17210_0;  alias, 1 drivers
v0x562ddfe1e320_0 .net "ForwardAE", 1 0, L_0x562ddfe44960;  alias, 1 drivers
v0x562ddfe1e3c0_0 .net "ForwardBE", 1 0, L_0x562ddfe45c60;  alias, 1 drivers
v0x562ddfe1e460_0 .net "ImmExtE", 31 0, v0x562ddfe17510_0;  alias, 1 drivers
v0x562ddfe1e500_0 .net "JumpE", 0 0, v0x562ddfe178f0_0;  alias, 1 drivers
v0x562ddfe1e5d0_0 .net "MemWriteE", 0 0, L_0x562ddfe40f30;  alias, 1 drivers
v0x562ddfe1e6a0_0 .var "MemWriteE_reg", 0 0;
v0x562ddfe1e740_0 .net "MemWriteM", 0 0, L_0x562ddfe42de0;  alias, 1 drivers
v0x562ddfe1e7e0_0 .net "PCE", 31 0, v0x562ddfe17dc0_0;  alias, 1 drivers
v0x562ddfe1e8a0_0 .net "PCPlus4E", 31 0, L_0x562ddfe40c00;  alias, 1 drivers
v0x562ddfe1e960_0 .var "PCPlus4E_reg", 31 0;
v0x562ddfe1ea20_0 .net "PCPlus4M", 31 0, L_0x562ddfe42cb0;  alias, 1 drivers
v0x562ddfe1eb00_0 .net "PCSrcE", 0 0, L_0x562ddfe430b0;  alias, 1 drivers
v0x562ddfe1ebc0_0 .net "PCTargetE", 31 0, L_0x562ddfe413d0;  alias, 1 drivers
v0x562ddfe1ecb0_0 .net "RD1E", 31 0, L_0x562ddfe40990;  alias, 1 drivers
v0x562ddfe1eda0_0 .net "RD2E", 31 0, L_0x562ddfe40a00;  alias, 1 drivers
v0x562ddfe1eeb0_0 .net "RdE", 4 0, v0x562ddfe186e0_0;  alias, 1 drivers
v0x562ddfe1ef70_0 .net "RdEH", 4 0, L_0x562ddfe42860;  alias, 1 drivers
v0x562ddfe1f030_0 .var "RdE_reg", 4 0;
v0x562ddfe1f110_0 .net "RdM", 4 0, v0x562ddfe1f030_0;  alias, 1 drivers
v0x562ddfe1f1f0_0 .net "RegWriteE", 0 0, L_0x562ddfe40ec0;  alias, 1 drivers
v0x562ddfe1f290_0 .var "RegWriteE_reg", 0 0;
v0x562ddfe1f330_0 .net "RegWriteM", 0 0, v0x562ddfe1f290_0;  alias, 1 drivers
v0x562ddfe1f3f0_0 .net "ResultSrcE", 1 0, v0x562ddfe18d40_0;  alias, 1 drivers
v0x562ddfe1f4e0_0 .net "ResultSrcEH", 0 0, L_0x562ddfe42960;  alias, 1 drivers
v0x562ddfe1f580_0 .var "ResultSrcE_reg", 1 0;
v0x562ddfe1f660_0 .net "ResultSrcM", 1 0, L_0x562ddfe42ee0;  alias, 1 drivers
v0x562ddfe1f740_0 .net "ResultW", 31 0, v0x562ddfe2b4b0_0;  alias, 1 drivers
v0x562ddfe1fa10_0 .net "Rs1E", 4 0, v0x562ddfe19080_0;  alias, 1 drivers
v0x562ddfe1fb00_0 .net "Rs1EH", 4 0, L_0x562ddfe42260;  alias, 1 drivers
v0x562ddfe1fbc0_0 .net "Rs2E", 4 0, v0x562ddfe19320_0;  alias, 1 drivers
v0x562ddfe1fcb0_0 .net "Rs2EH", 4 0, L_0x562ddfe42760;  alias, 1 drivers
v0x562ddfe1fd70_0 .net "SrcAE", 31 0, v0x562ddfe1ccc0_0;  1 drivers
v0x562ddfe1fe30_0 .net "SrcBE", 31 0, v0x562ddfe1db90_0;  1 drivers
v0x562ddfe1ff40_0 .net "WriteDataE", 31 0, v0x562ddfe1d480_0;  1 drivers
v0x562ddfe20050_0 .var "WriteDataE_reg", 31 0;
v0x562ddfe20130_0 .net "WriteDataM", 31 0, L_0x562ddfe42b00;  alias, 1 drivers
v0x562ddfe20210_0 .net "ZeroE", 0 0, L_0x562ddfe42500;  1 drivers
v0x562ddfe202b0_0 .net *"_ivl_22", 0 0, L_0x562ddfe42fb0;  1 drivers
v0x562ddfe20370_0 .net "clk", 0 0, v0x562ddfe2f270_0;  alias, 1 drivers
v0x562ddfe20410_0 .net "rst", 0 0, v0x562ddfe2f3f0_0;  alias, 1 drivers
L_0x562ddfe42960 .part v0x562ddfe18d40_0, 0, 1;
S_0x562ddfe19f20 .scope module, "ALU_Unit" "ALU" 11 82, 12 3 0, S_0x562ddfe19a00;
 .timescale 0 0;
    .port_info 0 /INPUT 1 "clk";
    .port_info 1 /INPUT 1 "rst";
    .port_info 2 /INPUT 32 "a";
    .port_info 3 /INPUT 32 "b";
    .port_info 4 /INPUT 3 "ALUControlE";
    .port_info 5 /OUTPUT 32 "out";
    .port_info 6 /OUTPUT 1 "zeroE";
L_0x562ddfe41470 .functor AND 32, v0x562ddfe1ccc0_0, v0x562ddfe1db90_0, C4<11111111111111111111111111111111>, C4<11111111111111111111111111111111>;
L_0x562ddfe41ba0 .functor OR 32, v0x562ddfe1ccc0_0, v0x562ddfe1db90_0, C4<00000000000000000000000000000000>, C4<00000000000000000000000000000000>;
v0x562ddfe1a270_0 .net "ALUControlE", 2 0, v0x562ddfe16cc0_0;  alias, 1 drivers
v0x562ddfe1a380_0 .var "F0", 31 0;
v0x562ddfe1a440_0 .var "F1", 31 0;
v0x562ddfe1a530_0 .var "F2", 31 0;
v0x562ddfe1a610_0 .var "F3", 31 0;
L_0x7f2de1fe51c8 .functor BUFT 1, C4<000>, C4<0>, C4<0>, C4<0>;
v0x562ddfe1a740_0 .net/2u *"_ivl_0", 2 0, L_0x7f2de1fe51c8;  1 drivers
v0x562ddfe1a820_0 .net *"_ivl_10", 31 0, L_0x562ddfe416c0;  1 drivers
L_0x7f2de1fe5258 .functor BUFT 1, C4<010>, C4<0>, C4<0>, C4<0>;
v0x562ddfe1a900_0 .net/2u *"_ivl_12", 2 0, L_0x7f2de1fe5258;  1 drivers
v0x562ddfe1a9e0_0 .net *"_ivl_14", 0 0, L_0x562ddfe41910;  1 drivers
v0x562ddfe1aaa0_0 .net *"_ivl_16", 31 0, L_0x562ddfe41470;  1 drivers
L_0x7f2de1fe52a0 .functor BUFT 1, C4<011>, C4<0>, C4<0>, C4<0>;
v0x562ddfe1ab80_0 .net/2u *"_ivl_18", 2 0, L_0x7f2de1fe52a0;  1 drivers
v0x562ddfe1ac60_0 .net *"_ivl_2", 0 0, L_0x562ddfe414e0;  1 drivers
v0x562ddfe1ad20_0 .net *"_ivl_20", 0 0, L_0x562ddfe419b0;  1 drivers
v0x562ddfe1ade0_0 .net *"_ivl_22", 31 0, L_0x562ddfe41ba0;  1 drivers
L_0x7f2de1fe52e8 .functor BUFT 1, C4<100>, C4<0>, C4<0>, C4<0>;
v0x562ddfe1aec0_0 .net/2u *"_ivl_24", 2 0, L_0x7f2de1fe52e8;  1 drivers
v0x562ddfe1afa0_0 .net *"_ivl_26", 0 0, L_0x562ddfe41c10;  1 drivers
L_0x7f2de1fe5330 .functor BUFT 1, C4<00000000000000000000000000000000>, C4<0>, C4<0>, C4<0>;
v0x562ddfe1b060_0 .net/2u *"_ivl_28", 31 0, L_0x7f2de1fe5330;  1 drivers
v0x562ddfe1b140_0 .net *"_ivl_30", 31 0, L_0x562ddfe41cb0;  1 drivers
v0x562ddfe1b220_0 .net *"_ivl_32", 31 0, L_0x562ddfe41da0;  1 drivers
v0x562ddfe1b300_0 .net *"_ivl_34", 31 0, L_0x562ddfe41e90;  1 drivers
v0x562ddfe1b3e0_0 .net *"_ivl_36", 31 0, L_0x562ddfe42030;  1 drivers
v0x562ddfe1b4c0_0 .net *"_ivl_4", 31 0, L_0x562ddfe41580;  1 drivers
L_0x7f2de1fe5378 .functor BUFT 1, C4<00000000000000000000000000000000>, C4<0>, C4<0>, C4<0>;
v0x562ddfe1b5a0_0 .net/2u *"_ivl_40", 31 0, L_0x7f2de1fe5378;  1 drivers
v0x562ddfe1b680_0 .net *"_ivl_42", 0 0, L_0x562ddfe42410;  1 drivers
L_0x7f2de1fe53c0 .functor BUFT 1, C4<1>, C4<0>, C4<0>, C4<0>;
v0x562ddfe1b740_0 .net/2u *"_ivl_44", 0 0, L_0x7f2de1fe53c0;  1 drivers
L_0x7f2de1fe5408 .functor BUFT 1, C4<0>, C4<0>, C4<0>, C4<0>;
v0x562ddfe1b820_0 .net/2u *"_ivl_46", 0 0, L_0x7f2de1fe5408;  1 drivers
L_0x7f2de1fe5210 .functor BUFT 1, C4<001>, C4<0>, C4<0>, C4<0>;
v0x562ddfe1b900_0 .net/2u *"_ivl_6", 2 0, L_0x7f2de1fe5210;  1 drivers
v0x562ddfe1b9e0_0 .net *"_ivl_8", 0 0, L_0x562ddfe41620;  1 drivers
v0x562ddfe1baa0_0 .net "a", 31 0, v0x562ddfe1ccc0_0;  alias, 1 drivers
v0x562ddfe1bb80_0 .net "b", 31 0, v0x562ddfe1db90_0;  alias, 1 drivers
v0x562ddfe1bc60_0 .net "clk", 0 0, v0x562ddfe2f270_0;  alias, 1 drivers
v0x562ddfe1bd00_0 .net "out", 31 0, L_0x562ddfe421c0;  alias, 1 drivers
v0x562ddfe1bde0_0 .net "rst", 0 0, v0x562ddfe2f3f0_0;  alias, 1 drivers
v0x562ddfe1c0e0_0 .net "zeroE", 0 0, L_0x562ddfe42500;  alias, 1 drivers
E_0x562ddfe1a1f0 .event posedge, v0x562ddfe167c0_0;
L_0x562ddfe414e0 .cmp/eq 3, v0x562ddfe16cc0_0, L_0x7f2de1fe51c8;
L_0x562ddfe41580 .arith/sum 32, v0x562ddfe1ccc0_0, v0x562ddfe1db90_0;
L_0x562ddfe41620 .cmp/eq 3, v0x562ddfe16cc0_0, L_0x7f2de1fe5210;
L_0x562ddfe416c0 .arith/sub 32, v0x562ddfe1ccc0_0, v0x562ddfe1db90_0;
L_0x562ddfe41910 .cmp/eq 3, v0x562ddfe16cc0_0, L_0x7f2de1fe5258;
L_0x562ddfe419b0 .cmp/eq 3, v0x562ddfe16cc0_0, L_0x7f2de1fe52a0;
L_0x562ddfe41c10 .cmp/eq 3, v0x562ddfe16cc0_0, L_0x7f2de1fe52e8;
L_0x562ddfe41cb0 .functor MUXZ 32, L_0x7f2de1fe5330, v0x562ddfe1a610_0, L_0x562ddfe41c10, C4<>;
L_0x562ddfe41da0 .functor MUXZ 32, L_0x562ddfe41cb0, L_0x562ddfe41ba0, L_0x562ddfe419b0, C4<>;
L_0x562ddfe41e90 .functor MUXZ 32, L_0x562ddfe41da0, L_0x562ddfe41470, L_0x562ddfe41910, C4<>;
L_0x562ddfe42030 .functor MUXZ 32, L_0x562ddfe41e90, L_0x562ddfe416c0, L_0x562ddfe41620, C4<>;
L_0x562ddfe421c0 .functor MUXZ 32, L_0x562ddfe42030, L_0x562ddfe41580, L_0x562ddfe414e0, C4<>;
L_0x562ddfe42410 .cmp/eq 32, L_0x562ddfe421c0, L_0x7f2de1fe5378;
L_0x562ddfe42500 .functor MUXZ 1, L_0x7f2de1fe5408, L_0x7f2de1fe53c0, L_0x562ddfe42410, C4<>;
S_0x562ddfe1c2c0 .scope module, "Adder" "adder" 11 75, 13 5 0, S_0x562ddfe19a00;
 .timescale 0 0;
    .port_info 0 /INPUT 32 "a";
    .port_info 1 /INPUT 32 "b";
    .port_info 2 /OUTPUT 32 "out";
v0x562ddfe1c510_0 .net "a", 31 0, v0x562ddfe17dc0_0;  alias, 1 drivers
v0x562ddfe1c5f0_0 .net "b", 31 0, v0x562ddfe17510_0;  alias, 1 drivers
v0x562ddfe1c690_0 .net "out", 31 0, L_0x562ddfe413d0;  alias, 1 drivers
L_0x562ddfe413d0 .arith/sum 32, v0x562ddfe17dc0_0, v0x562ddfe17510_0;
S_0x562ddfe1c7b0 .scope module, "SrcA_mux" "mux_3to1" 11 49, 14 20 0, S_0x562ddfe19a00;
 .timescale 0 0;
    .port_info 0 /INPUT 32 "a";
    .port_info 1 /INPUT 32 "b";
    .port_info 2 /INPUT 32 "c";
    .port_info 3 /INPUT 2 "sel";
    .port_info 4 /OUTPUT 32 "out";
v0x562ddfe1ca20_0 .net "a", 31 0, L_0x562ddfe40990;  alias, 1 drivers
v0x562ddfe1cb10_0 .net "b", 31 0, v0x562ddfe2b4b0_0;  alias, 1 drivers
v0x562ddfe1cc00_0 .net "c", 31 0, v0x562ddfe1df90_0;  alias, 1 drivers
v0x562ddfe1ccc0_0 .var "out", 31 0;
v0x562ddfe1cdb0_0 .net "sel", 1 0, L_0x562ddfe44960;  alias, 1 drivers
E_0x562ddfe1a100 .event edge, v0x562ddfe1cdb0_0, v0x562ddfe1cc00_0, v0x562ddfe15f20_0, v0x562ddfe183a0_0;
S_0x562ddfe1cf60 .scope module, "SrcB_mux" "mux_3to1" 11 58, 14 20 0, S_0x562ddfe19a00;
 .timescale 0 0;
    .port_info 0 /INPUT 32 "a";
    .port_info 1 /INPUT 32 "b";
    .port_info 2 /INPUT 32 "c";
    .port_info 3 /INPUT 2 "sel";
    .port_info 4 /OUTPUT 32 "out";
v0x562ddfe1d1d0_0 .net "a", 31 0, L_0x562ddfe40a00;  alias, 1 drivers
v0x562ddfe1d2e0_0 .net "b", 31 0, v0x562ddfe2b4b0_0;  alias, 1 drivers
v0x562ddfe1d380_0 .net "c", 31 0, v0x562ddfe1df90_0;  alias, 1 drivers
v0x562ddfe1d480_0 .var "out", 31 0;
v0x562ddfe1d540_0 .net "sel", 1 0, L_0x562ddfe45c60;  alias, 1 drivers
E_0x562ddfe1d140 .event edge, v0x562ddfe1d540_0, v0x562ddfe1cc00_0, v0x562ddfe15f20_0, v0x562ddfe18600_0;
S_0x562ddfe1d710 .scope module, "SrcB_mux2" "mux_2to1" 11 67, 14 5 0, S_0x562ddfe19a00;
 .timescale 0 0;
    .port_info 0 /INPUT 32 "a";
    .port_info 1 /INPUT 32 "b";
    .port_info 2 /INPUT 1 "sel";
    .port_info 3 /OUTPUT 32 "out";
v0x562ddfe1d9c0_0 .net "a", 31 0, v0x562ddfe1d480_0;  alias, 1 drivers
v0x562ddfe1daa0_0 .net "b", 31 0, v0x562ddfe17510_0;  alias, 1 drivers
v0x562ddfe1db90_0 .var "out", 31 0;
v0x562ddfe1dc60_0 .net "sel", 0 0, L_0x562ddfe41150;  alias, 1 drivers
E_0x562ddfe1d940 .event edge, v0x562ddfe17060_0, v0x562ddfe175d0_0, v0x562ddfe1d480_0;
S_0x562ddfe208d0 .scope module, "Fetch" "fetchStage" 4 64, 15 7 0, S_0x562ddfded850;
 .timescale 0 0;
    .port_info 0 /INPUT 1 "clk";
    .port_info 1 /INPUT 1 "rst";
    .port_info 2 /INPUT 1 "PCSrcE";
    .port_info 3 /INPUT 32 "PCTargetE";
    .port_info 4 /INPUT 1 "StallF";
    .port_info 5 /INPUT 1 "StallD";
    .port_info 6 /INPUT 1 "FlushD";
    .port_info 7 /OUTPUT 32 "InstrD";
    .port_info 8 /OUTPUT 32 "PCD";
    .port_info 9 /OUTPUT 32 "PCPlus4D";
L_0x562ddfdf0a90 .functor BUFZ 32, v0x562ddfe22d70_0, C4<00000000000000000000000000000000>, C4<00000000000000000000000000000000>, C4<00000000000000000000000000000000>;
L_0x562ddfd4fd10 .functor BUFZ 32, v0x562ddfe23150_0, C4<00000000000000000000000000000000>, C4<00000000000000000000000000000000>, C4<00000000000000000000000000000000>;
v0x562ddfe228d0_0 .net "FlushD", 0 0, L_0x562ddfe46a90;  alias, 1 drivers
v0x562ddfe229b0_0 .net "InstrD", 31 0, v0x562ddfe22b70_0;  alias, 1 drivers
v0x562ddfe22a70_0 .net "InstrF", 31 0, L_0x562ddfe3f670;  1 drivers
v0x562ddfe22b70_0 .var "InstrF_reg", 31 0;
v0x562ddfe22c10_0 .net "PCD", 31 0, L_0x562ddfdf0a90;  alias, 1 drivers
v0x562ddfe22cd0_0 .net "PCF", 31 0, v0x562ddfe22480_0;  1 drivers
v0x562ddfe22d70_0 .var "PCF_reg", 31 0;
v0x562ddfe22e50_0 .net "PCNext", 31 0, v0x562ddfe21e90_0;  1 drivers
v0x562ddfe22f60_0 .net "PCPlus4D", 31 0, L_0x562ddfd4fd10;  alias, 1 drivers
v0x562ddfe230b0_0 .net "PCPlus4F", 31 0, L_0x562ddfe3f800;  1 drivers
v0x562ddfe23150_0 .var "PCPlus4F_reg", 31 0;
v0x562ddfe23230_0 .net "PCSrcE", 0 0, L_0x562ddfe430b0;  alias, 1 drivers
v0x562ddfe23320_0 .net "PCTargetE", 31 0, L_0x562ddfe413d0;  alias, 1 drivers
v0x562ddfe233e0_0 .net "StallD", 0 0, L_0x562ddfe466b0;  alias, 1 drivers
v0x562ddfe234a0_0 .net "StallF", 0 0, L_0x562ddfe469a0;  alias, 1 drivers
v0x562ddfe23540_0 .net "clk", 0 0, v0x562ddfe2f270_0;  alias, 1 drivers
v0x562ddfe235e0_0 .net "rst", 0 0, v0x562ddfe2f3f0_0;  alias, 1 drivers
S_0x562ddfe20bb0 .scope module, "Instruction_Memory" "instructionMemory" 15 51, 16 3 0, S_0x562ddfe208d0;
 .timescale 0 0;
    .port_info 0 /INPUT 1 "rst";
    .port_info 1 /INPUT 32 "PC";
    .port_info 2 /OUTPUT 32 "Instr";
v0x562ddfe20e00_0 .net "Instr", 31 0, L_0x562ddfe3f670;  alias, 1 drivers
v0x562ddfe20f00_0 .net "PC", 31 0, v0x562ddfe22480_0;  alias, 1 drivers
L_0x7f2de1fe5018 .functor BUFT 1, C4<00000000000000000000000000000000>, C4<0>, C4<0>, C4<0>;
v0x562ddfe20fe0_0 .net/2u *"_ivl_0", 31 0, L_0x7f2de1fe5018;  1 drivers
v0x562ddfe210a0_0 .net *"_ivl_2", 31 0, L_0x562ddfe3f530;  1 drivers
v0x562ddfe21180_0 .net *"_ivl_5", 29 0, L_0x562ddfe3f5d0;  1 drivers
v0x562ddfe212b0 .array "memory_reg", 1023 0, 31 0;
v0x562ddfe21370_0 .net "rst", 0 0, v0x562ddfe2f3f0_0;  alias, 1 drivers
L_0x562ddfe3f530 .array/port v0x562ddfe212b0, L_0x562ddfe3f5d0;
L_0x562ddfe3f5d0 .part v0x562ddfe22480_0, 2, 30;
L_0x562ddfe3f670 .functor MUXZ 32, L_0x562ddfe3f530, L_0x7f2de1fe5018, v0x562ddfe2f3f0_0, C4<>;
S_0x562ddfe21520 .scope module, "PC_Adder" "adder" 15 58, 13 5 0, S_0x562ddfe208d0;
 .timescale 0 0;
    .port_info 0 /INPUT 32 "a";
    .port_info 1 /INPUT 32 "b";
    .port_info 2 /OUTPUT 32 "out";
v0x562ddfe21700_0 .net "a", 31 0, v0x562ddfe22480_0;  alias, 1 drivers
L_0x7f2de1fe5060 .functor BUFT 1, C4<00000000000000000000000000000100>, C4<0>, C4<0>, C4<0>;
v0x562ddfe217e0_0 .net "b", 31 0, L_0x7f2de1fe5060;  1 drivers
v0x562ddfe218a0_0 .net "out", 31 0, L_0x562ddfe3f800;  alias, 1 drivers
L_0x562ddfe3f800 .arith/sum 32, v0x562ddfe22480_0, L_0x7f2de1fe5060;
S_0x562ddfe21a10 .scope module, "PC_mux" "mux_2to1" 15 34, 14 5 0, S_0x562ddfe208d0;
 .timescale 0 0;
    .port_info 0 /INPUT 32 "a";
    .port_info 1 /INPUT 32 "b";
    .port_info 2 /INPUT 1 "sel";
    .port_info 3 /OUTPUT 32 "out";
v0x562ddfe21cb0_0 .net "a", 31 0, L_0x562ddfe3f800;  alias, 1 drivers
v0x562ddfe21da0_0 .net "b", 31 0, L_0x562ddfe413d0;  alias, 1 drivers
v0x562ddfe21e90_0 .var "out", 31 0;
v0x562ddfe21f50_0 .net "sel", 0 0, L_0x562ddfe430b0;  alias, 1 drivers
E_0x562ddfe21c50 .event edge, v0x562ddfe1eb00_0, v0x562ddfe1c690_0, v0x562ddfe218a0_0;
S_0x562ddfe220b0 .scope module, "Program_Counter" "programCounter" 15 42, 17 3 0, S_0x562ddfe208d0;
 .timescale 0 0;
    .port_info 0 /INPUT 1 "clk";
    .port_info 1 /INPUT 1 "rst";
    .port_info 2 /INPUT 32 "PCNext";
    .port_info 3 /INPUT 1 "StallF";
    .port_info 4 /OUTPUT 32 "PC";
v0x562ddfe22290_0 .net "PC", 31 0, v0x562ddfe22480_0;  alias, 1 drivers
v0x562ddfe223c0_0 .net "PCNext", 31 0, v0x562ddfe21e90_0;  alias, 1 drivers
v0x562ddfe22480_0 .var "PC_reg", 31 0;
v0x562ddfe22550_0 .net "StallF", 0 0, L_0x562ddfe469a0;  alias, 1 drivers
v0x562ddfe22610_0 .net "clk", 0 0, v0x562ddfe2f270_0;  alias, 1 drivers
v0x562ddfe22790_0 .net "rst", 0 0, v0x562ddfe2f3f0_0;  alias, 1 drivers
S_0x562ddfe237a0 .scope module, "Hazard" "hazard_unit" 4 209, 18 1 0, S_0x562ddfded850;
 .timescale 0 0;
    .port_info 0 /INPUT 1 "rst";
    .port_info 1 /INPUT 1 "RegWriteM";
    .port_info 2 /INPUT 1 "RegWriteW";
    .port_info 3 /INPUT 5 "RdM";
    .port_info 4 /INPUT 5 "RdW";
    .port_info 5 /INPUT 5 "Rs1E";
    .port_info 6 /INPUT 5 "Rs2E";
    .port_info 7 /INPUT 5 "Rs1D";
    .port_info 8 /INPUT 5 "Rs2D";
    .port_info 9 /INPUT 5 "RdE";
    .port_info 10 /INPUT 1 "PCSrcE";
    .port_info 11 /INPUT 1 "ResultSrcE0";
    .port_info 12 /OUTPUT 2 "ForwardAE";
    .port_info 13 /OUTPUT 2 "ForwardBE";
    .port_info 14 /OUTPUT 1 "StallF";
    .port_info 15 /OUTPUT 1 "StallD";
    .port_info 16 /OUTPUT 1 "FlushD";
    .port_info 17 /OUTPUT 1 "FlushE";
L_0x7f2de1fe5498 .functor BUFT 1, C4<1>, C4<0>, C4<0>, C4<0>;
L_0x562ddfe43d70 .functor XNOR 1, v0x562ddfe2f3f0_0, L_0x7f2de1fe5498, C4<0>, C4<0>;
L_0x7f2de1fe5528 .functor BUFT 1, C4<1>, C4<0>, C4<0>, C4<0>;
L_0x562ddfe43de0 .functor XNOR 1, L_0x562ddfe43670, L_0x7f2de1fe5528, C4<0>, C4<0>;
L_0x562ddfe43fe0 .functor AND 1, L_0x562ddfe43de0, L_0x562ddfe43e80, C4<1>, C4<1>;
L_0x562ddfe44180 .functor AND 1, L_0x562ddfe43fe0, L_0x562ddfe44050, C4<1>, C4<1>;
L_0x7f2de1fe5600 .functor BUFT 1, C4<1>, C4<0>, C4<0>, C4<0>;
L_0x562ddfe44220 .functor XNOR 1, L_0x562ddfe43d00, L_0x7f2de1fe5600, C4<0>, C4<0>;
L_0x562ddfe444b0 .functor AND 1, L_0x562ddfe44220, L_0x562ddfe44350, C4<1>, C4<1>;
L_0x562ddfe44630 .functor AND 1, L_0x562ddfe444b0, L_0x562ddfe44560, C4<1>, C4<1>;
L_0x7f2de1fe5720 .functor BUFT 1, C4<1>, C4<0>, C4<0>, C4<0>;
L_0x562ddfe44b30 .functor XNOR 1, v0x562ddfe2f3f0_0, L_0x7f2de1fe5720, C4<0>, C4<0>;
L_0x7f2de1fe57b0 .functor BUFT 1, C4<1>, C4<0>, C4<0>, C4<0>;
L_0x562ddfe44c40 .functor XNOR 1, L_0x562ddfe43670, L_0x7f2de1fe57b0, C4<0>, C4<0>;
L_0x562ddfe44e40 .functor AND 1, L_0x562ddfe44c40, L_0x562ddfe44d00, C4<1>, C4<1>;
L_0x562ddfe450e0 .functor AND 1, L_0x562ddfe44e40, L_0x562ddfe44fb0, C4<1>, C4<1>;
L_0x7f2de1fe5888 .functor BUFT 1, C4<1>, C4<0>, C4<0>, C4<0>;
L_0x562ddfe45150 .functor XNOR 1, L_0x562ddfe43d00, L_0x7f2de1fe5888, C4<0>, C4<0>;
L_0x562ddfe453d0 .functor AND 1, L_0x562ddfe45150, L_0x562ddfe45280, C4<1>, C4<1>;
L_0x562ddfe45530 .functor AND 1, L_0x562ddfe453d0, L_0x562ddfe45490, C4<1>, C4<1>;
L_0x7f2de1fe59a8 .functor BUFT 1, C4<1>, C4<0>, C4<0>, C4<0>;
L_0x562ddfe45970 .functor XNOR 1, v0x562ddfe2f3f0_0, L_0x7f2de1fe59a8, C4<0>, C4<0>;
L_0x562ddfe45210 .functor OR 1, L_0x562ddfe45f00, L_0x562ddfe460c0, C4<0>, C4<0>;
L_0x562ddfe46310 .functor AND 1, L_0x562ddfe42960, L_0x562ddfe45210, C4<1>, C4<1>;
L_0x7f2de1fe5a38 .functor BUFT 1, C4<1>, C4<0>, C4<0>, C4<0>;
L_0x562ddfe46550 .functor XNOR 1, v0x562ddfe2f3f0_0, L_0x7f2de1fe5a38, C4<0>, C4<0>;
L_0x7f2de1fe5ac8 .functor BUFT 1, C4<1>, C4<0>, C4<0>, C4<0>;
L_0x562ddfe468e0 .functor XNOR 1, v0x562ddfe2f3f0_0, L_0x7f2de1fe5ac8, C4<0>, C4<0>;
L_0x562ddfe46a90 .functor BUFZ 1, L_0x562ddfe430b0, C4<0>, C4<0>, C4<0>;
L_0x7f2de1fe5b58 .functor BUFT 1, C4<1>, C4<0>, C4<0>, C4<0>;
L_0x562ddfe46bb0 .functor XNOR 1, v0x562ddfe2f3f0_0, L_0x7f2de1fe5b58, C4<0>, C4<0>;
L_0x562ddfe46c70 .functor OR 1, L_0x562ddfe46410, L_0x562ddfe430b0, C4<0>, C4<0>;
v0x562ddfe23be0_0 .net "FlushD", 0 0, L_0x562ddfe46a90;  alias, 1 drivers
v0x562ddfe23ca0_0 .net "FlushE", 0 0, L_0x562ddfe46610;  alias, 1 drivers
v0x562ddfe23d70_0 .net "ForwardAE", 1 0, L_0x562ddfe44960;  alias, 1 drivers
v0x562ddfe23e90_0 .net "ForwardBE", 1 0, L_0x562ddfe45c60;  alias, 1 drivers
v0x562ddfe23f80_0 .net "PCSrcE", 0 0, L_0x562ddfe430b0;  alias, 1 drivers
v0x562ddfe24070_0 .net "RdE", 4 0, L_0x562ddfe42860;  alias, 1 drivers
v0x562ddfe24110_0 .net "RdM", 4 0, L_0x562ddfe43570;  alias, 1 drivers
v0x562ddfe241d0_0 .net "RdW", 4 0, L_0x562ddfe43c90;  alias, 1 drivers
v0x562ddfe242b0_0 .net "RegWriteM", 0 0, L_0x562ddfe43670;  alias, 1 drivers
v0x562ddfe24370_0 .net "RegWriteW", 0 0, L_0x562ddfe43d00;  alias, 1 drivers
v0x562ddfe24430_0 .net "ResultSrcE0", 0 0, L_0x562ddfe42960;  alias, 1 drivers
v0x562ddfe244d0_0 .net "Rs1D", 4 0, L_0x562ddfe40800;  alias, 1 drivers
v0x562ddfe24570_0 .net "Rs1E", 4 0, L_0x562ddfe42260;  alias, 1 drivers
v0x562ddfe24640_0 .net "Rs2D", 4 0, L_0x562ddfe408a0;  alias, 1 drivers
v0x562ddfe24710_0 .net "Rs2E", 4 0, L_0x562ddfe42760;  alias, 1 drivers
v0x562ddfe247e0_0 .net "StallD", 0 0, L_0x562ddfe466b0;  alias, 1 drivers
v0x562ddfe248b0_0 .net "StallF", 0 0, L_0x562ddfe469a0;  alias, 1 drivers
v0x562ddfe24a60_0 .net/2u *"_ivl_0", 0 0, L_0x7f2de1fe5498;  1 drivers
L_0x7f2de1fe5570 .functor BUFT 1, C4<00000>, C4<0>, C4<0>, C4<0>;
v0x562ddfe24b00_0 .net/2u *"_ivl_10", 4 0, L_0x7f2de1fe5570;  1 drivers
v0x562ddfe24be0_0 .net *"_ivl_100", 0 0, L_0x562ddfe460c0;  1 drivers
v0x562ddfe24ca0_0 .net *"_ivl_102", 0 0, L_0x562ddfe45210;  1 drivers
v0x562ddfe24d80_0 .net *"_ivl_104", 0 0, L_0x562ddfe46310;  1 drivers
v0x562ddfe24e60_0 .net/2u *"_ivl_108", 0 0, L_0x7f2de1fe5a38;  1 drivers
v0x562ddfe24f40_0 .net *"_ivl_110", 0 0, L_0x562ddfe46550;  1 drivers
L_0x7f2de1fe5a80 .functor BUFT 1, C4<0>, C4<0>, C4<0>, C4<0>;
v0x562ddfe25000_0 .net/2u *"_ivl_112", 0 0, L_0x7f2de1fe5a80;  1 drivers
v0x562ddfe250e0_0 .net/2u *"_ivl_116", 0 0, L_0x7f2de1fe5ac8;  1 drivers
v0x562ddfe251c0_0 .net *"_ivl_118", 0 0, L_0x562ddfe468e0;  1 drivers
v0x562ddfe25280_0 .net *"_ivl_12", 0 0, L_0x562ddfe43e80;  1 drivers
L_0x7f2de1fe5b10 .functor BUFT 1, C4<0>, C4<0>, C4<0>, C4<0>;
v0x562ddfe25340_0 .net/2u *"_ivl_120", 0 0, L_0x7f2de1fe5b10;  1 drivers
v0x562ddfe25420_0 .net/2u *"_ivl_126", 0 0, L_0x7f2de1fe5b58;  1 drivers
v0x562ddfe25500_0 .net *"_ivl_128", 0 0, L_0x562ddfe46bb0;  1 drivers
L_0x7f2de1fe5ba0 .functor BUFT 1, C4<0>, C4<0>, C4<0>, C4<0>;
v0x562ddfe255c0_0 .net/2u *"_ivl_130", 0 0, L_0x7f2de1fe5ba0;  1 drivers
v0x562ddfe256a0_0 .net *"_ivl_132", 0 0, L_0x562ddfe46c70;  1 drivers
v0x562ddfe25990_0 .net *"_ivl_14", 0 0, L_0x562ddfe43fe0;  1 drivers
v0x562ddfe25a70_0 .net *"_ivl_16", 0 0, L_0x562ddfe44050;  1 drivers
v0x562ddfe25b30_0 .net *"_ivl_18", 0 0, L_0x562ddfe44180;  1 drivers
v0x562ddfe25c10_0 .net *"_ivl_2", 0 0, L_0x562ddfe43d70;  1 drivers
L_0x7f2de1fe55b8 .functor BUFT 1, C4<10>, C4<0>, C4<0>, C4<0>;
v0x562ddfe25cd0_0 .net/2u *"_ivl_20", 1 0, L_0x7f2de1fe55b8;  1 drivers
v0x562ddfe25db0_0 .net/2u *"_ivl_22", 0 0, L_0x7f2de1fe5600;  1 drivers
v0x562ddfe25e90_0 .net *"_ivl_24", 0 0, L_0x562ddfe44220;  1 drivers
L_0x7f2de1fe5648 .functor BUFT 1, C4<00000>, C4<0>, C4<0>, C4<0>;
v0x562ddfe25f50_0 .net/2u *"_ivl_26", 4 0, L_0x7f2de1fe5648;  1 drivers
v0x562ddfe26030_0 .net *"_ivl_28", 0 0, L_0x562ddfe44350;  1 drivers
v0x562ddfe260f0_0 .net *"_ivl_30", 0 0, L_0x562ddfe444b0;  1 drivers
v0x562ddfe261d0_0 .net *"_ivl_32", 0 0, L_0x562ddfe44560;  1 drivers
v0x562ddfe26290_0 .net *"_ivl_34", 0 0, L_0x562ddfe44630;  1 drivers
L_0x7f2de1fe5690 .functor BUFT 1, C4<01>, C4<0>, C4<0>, C4<0>;
v0x562ddfe26370_0 .net/2u *"_ivl_36", 1 0, L_0x7f2de1fe5690;  1 drivers
L_0x7f2de1fe56d8 .functor BUFT 1, C4<00>, C4<0>, C4<0>, C4<0>;
v0x562ddfe26450_0 .net/2u *"_ivl_38", 1 0, L_0x7f2de1fe56d8;  1 drivers
L_0x7f2de1fe54e0 .functor BUFT 1, C4<00>, C4<0>, C4<0>, C4<0>;
v0x562ddfe26530_0 .net/2u *"_ivl_4", 1 0, L_0x7f2de1fe54e0;  1 drivers
v0x562ddfe26610_0 .net *"_ivl_40", 1 0, L_0x562ddfe446a0;  1 drivers
v0x562ddfe266f0_0 .net *"_ivl_42", 1 0, L_0x562ddfe44790;  1 drivers
v0x562ddfe267d0_0 .net/2u *"_ivl_46", 0 0, L_0x7f2de1fe5720;  1 drivers
v0x562ddfe268b0_0 .net *"_ivl_48", 0 0, L_0x562ddfe44b30;  1 drivers
L_0x7f2de1fe5768 .functor BUFT 1, C4<00>, C4<0>, C4<0>, C4<0>;
v0x562ddfe26970_0 .net/2u *"_ivl_50", 1 0, L_0x7f2de1fe5768;  1 drivers
v0x562ddfe26a50_0 .net/2u *"_ivl_52", 0 0, L_0x7f2de1fe57b0;  1 drivers
v0x562ddfe26b30_0 .net *"_ivl_54", 0 0, L_0x562ddfe44c40;  1 drivers
L_0x7f2de1fe57f8 .functor BUFT 1, C4<00000>, C4<0>, C4<0>, C4<0>;
v0x562ddfe26bf0_0 .net/2u *"_ivl_56", 4 0, L_0x7f2de1fe57f8;  1 drivers
v0x562ddfe26cd0_0 .net *"_ivl_58", 0 0, L_0x562ddfe44d00;  1 drivers
v0x562ddfe26d90_0 .net/2u *"_ivl_6", 0 0, L_0x7f2de1fe5528;  1 drivers
v0x562ddfe26e70_0 .net *"_ivl_60", 0 0, L_0x562ddfe44e40;  1 drivers
v0x562ddfe26f50_0 .net *"_ivl_62", 0 0, L_0x562ddfe44fb0;  1 drivers
v0x562ddfe27010_0 .net *"_ivl_64", 0 0, L_0x562ddfe450e0;  1 drivers
L_0x7f2de1fe5840 .functor BUFT 1, C4<10>, C4<0>, C4<0>, C4<0>;
v0x562ddfe270f0_0 .net/2u *"_ivl_66", 1 0, L_0x7f2de1fe5840;  1 drivers
v0x562ddfe271d0_0 .net/2u *"_ivl_68", 0 0, L_0x7f2de1fe5888;  1 drivers
v0x562ddfe272b0_0 .net *"_ivl_70", 0 0, L_0x562ddfe45150;  1 drivers
L_0x7f2de1fe58d0 .functor BUFT 1, C4<00000>, C4<0>, C4<0>, C4<0>;
v0x562ddfe27370_0 .net/2u *"_ivl_72", 4 0, L_0x7f2de1fe58d0;  1 drivers
v0x562ddfe27860_0 .net *"_ivl_74", 0 0, L_0x562ddfe45280;  1 drivers
v0x562ddfe27920_0 .net *"_ivl_76", 0 0, L_0x562ddfe453d0;  1 drivers
v0x562ddfe27a00_0 .net *"_ivl_78", 0 0, L_0x562ddfe45490;  1 drivers
v0x562ddfe27ac0_0 .net *"_ivl_8", 0 0, L_0x562ddfe43de0;  1 drivers
v0x562ddfe27b80_0 .net *"_ivl_80", 0 0, L_0x562ddfe45530;  1 drivers
L_0x7f2de1fe5918 .functor BUFT 1, C4<01>, C4<0>, C4<0>, C4<0>;
v0x562ddfe27c60_0 .net/2u *"_ivl_82", 1 0, L_0x7f2de1fe5918;  1 drivers
L_0x7f2de1fe5960 .functor BUFT 1, C4<00>, C4<0>, C4<0>, C4<0>;
v0x562ddfe27d40_0 .net/2u *"_ivl_84", 1 0, L_0x7f2de1fe5960;  1 drivers
v0x562ddfe27e20_0 .net *"_ivl_86", 1 0, L_0x562ddfe458d0;  1 drivers
v0x562ddfe27f00_0 .net *"_ivl_88", 1 0, L_0x562ddfe45ad0;  1 drivers
v0x562ddfe27fe0_0 .net/2u *"_ivl_92", 0 0, L_0x7f2de1fe59a8;  1 drivers
v0x562ddfe280c0_0 .net *"_ivl_94", 0 0, L_0x562ddfe45970;  1 drivers
L_0x7f2de1fe59f0 .functor BUFT 1, C4<0>, C4<0>, C4<0>, C4<0>;
v0x562ddfe28180_0 .net/2u *"_ivl_96", 0 0, L_0x7f2de1fe59f0;  1 drivers
v0x562ddfe28260_0 .net *"_ivl_98", 0 0, L_0x562ddfe45f00;  1 drivers
v0x562ddfe28320_0 .net "lwStall", 0 0, L_0x562ddfe46410;  1 drivers
v0x562ddfe283e0_0 .net "rst", 0 0, v0x562ddfe2f3f0_0;  alias, 1 drivers
L_0x562ddfe43e80 .cmp/ne 5, L_0x562ddfe43570, L_0x7f2de1fe5570;
L_0x562ddfe44050 .cmp/eq 5, L_0x562ddfe43570, L_0x562ddfe42260;
L_0x562ddfe44350 .cmp/ne 5, L_0x562ddfe43c90, L_0x7f2de1fe5648;
L_0x562ddfe44560 .cmp/eq 5, L_0x562ddfe43c90, L_0x562ddfe42260;
L_0x562ddfe446a0 .functor MUXZ 2, L_0x7f2de1fe56d8, L_0x7f2de1fe5690, L_0x562ddfe44630, C4<>;
L_0x562ddfe44790 .functor MUXZ 2, L_0x562ddfe446a0, L_0x7f2de1fe55b8, L_0x562ddfe44180, C4<>;
L_0x562ddfe44960 .functor MUXZ 2, L_0x562ddfe44790, L_0x7f2de1fe54e0, L_0x562ddfe43d70, C4<>;
L_0x562ddfe44d00 .cmp/ne 5, L_0x562ddfe43570, L_0x7f2de1fe57f8;
L_0x562ddfe44fb0 .cmp/eq 5, L_0x562ddfe43570, L_0x562ddfe42760;
L_0x562ddfe45280 .cmp/ne 5, L_0x562ddfe43c90, L_0x7f2de1fe58d0;
L_0x562ddfe45490 .cmp/eq 5, L_0x562ddfe43c90, L_0x562ddfe42760;
L_0x562ddfe458d0 .functor MUXZ 2, L_0x7f2de1fe5960, L_0x7f2de1fe5918, L_0x562ddfe45530, C4<>;
L_0x562ddfe45ad0 .functor MUXZ 2, L_0x562ddfe458d0, L_0x7f2de1fe5840, L_0x562ddfe450e0, C4<>;
L_0x562ddfe45c60 .functor MUXZ 2, L_0x562ddfe45ad0, L_0x7f2de1fe5768, L_0x562ddfe44b30, C4<>;
L_0x562ddfe45f00 .cmp/eq 5, L_0x562ddfe40800, L_0x562ddfe42860;
L_0x562ddfe460c0 .cmp/eq 5, L_0x562ddfe408a0, L_0x562ddfe42860;
L_0x562ddfe46410 .functor MUXZ 1, L_0x562ddfe46310, L_0x7f2de1fe59f0, L_0x562ddfe45970, C4<>;
L_0x562ddfe466b0 .functor MUXZ 1, L_0x562ddfe46410, L_0x7f2de1fe5a80, L_0x562ddfe46550, C4<>;
L_0x562ddfe469a0 .functor MUXZ 1, L_0x562ddfe46410, L_0x7f2de1fe5b10, L_0x562ddfe468e0, C4<>;
L_0x562ddfe46610 .functor MUXZ 1, L_0x562ddfe46c70, L_0x7f2de1fe5ba0, L_0x562ddfe46bb0, C4<>;
S_0x562ddfe28760 .scope module, "Memory" "memoryStage" 4 162, 19 4 0, S_0x562ddfded850;
 .timescale 0 0;
    .port_info 0 /INPUT 1 "clk";
    .port_info 1 /INPUT 1 "rst";
    .port_info 2 /INPUT 32 "ALUResultM";
    .port_info 3 /INPUT 32 "WriteDataM";
    .port_info 4 /INPUT 32 "PCPlus4M";
    .port_info 5 /INPUT 5 "RdM";
    .port_info 6 /INPUT 1 "RegWriteM";
    .port_info 7 /INPUT 1 "MemWriteM";
    .port_info 8 /INPUT 2 "ResultSrcM";
    .port_info 9 /OUTPUT 5 "RdMH";
    .port_info 10 /OUTPUT 1 "RegWriteMH";
    .port_info 11 /OUTPUT 32 "ALUResultW";
    .port_info 12 /OUTPUT 32 "ReadDataW";
    .port_info 13 /OUTPUT 32 "PCPlus4W";
    .port_info 14 /OUTPUT 5 "RdW";
    .port_info 15 /OUTPUT 1 "RegWriteW";
    .port_info 16 /OUTPUT 2 "ResultSrcW";
L_0x562ddfe43570 .functor BUFZ 5, v0x562ddfe1f030_0, C4<00000>, C4<00000>, C4<00000>;
L_0x562ddfe43670 .functor BUFZ 1, v0x562ddfe1f290_0, C4<0>, C4<0>, C4<0>;
L_0x562ddfe43770 .functor BUFZ 32, v0x562ddfe296e0_0, C4<00000000000000000000000000000000>, C4<00000000000000000000000000000000>, C4<00000000000000000000000000000000>;
L_0x562ddfe43870 .functor BUFZ 32, v0x562ddfe29fe0_0, C4<00000000000000000000000000000000>, C4<00000000000000000000000000000000>, C4<00000000000000000000000000000000>;
L_0x562ddfe43970 .functor BUFZ 32, v0x562ddfe299e0_0, C4<00000000000000000000000000000000>, C4<00000000000000000000000000000000>, C4<00000000000000000000000000000000>;
L_0x562ddfe43b90 .functor BUFZ 2, v0x562ddfe2a680_0, C4<00>, C4<00>, C4<00>;
v0x562ddfe29600_0 .net "ALUResultM", 31 0, v0x562ddfe1df90_0;  alias, 1 drivers
v0x562ddfe296e0_0 .var "ALUResultM_reg", 31 0;
v0x562ddfe297c0_0 .net "ALUResultW", 31 0, L_0x562ddfe43770;  alias, 1 drivers
v0x562ddfe29880_0 .net "MemWriteM", 0 0, L_0x562ddfe42de0;  alias, 1 drivers
v0x562ddfe29920_0 .net "PCPlus4M", 31 0, L_0x562ddfe42cb0;  alias, 1 drivers
v0x562ddfe299e0_0 .var "PCPlus4M_reg", 31 0;
v0x562ddfe29aa0_0 .net "PCPlus4W", 31 0, L_0x562ddfe43970;  alias, 1 drivers
v0x562ddfe29b80_0 .net "RdM", 4 0, v0x562ddfe1f030_0;  alias, 1 drivers
v0x562ddfe29c40_0 .net "RdMH", 4 0, L_0x562ddfe43570;  alias, 1 drivers
v0x562ddfe29da0_0 .var "RdM_reg", 4 0;
v0x562ddfe29e60_0 .net "RdW", 4 0, v0x562ddfe29da0_0;  alias, 1 drivers
v0x562ddfe29f20_0 .net "ReadDataM", 31 0, L_0x562ddfe432c0;  1 drivers
v0x562ddfe29fe0_0 .var "ReadDataM_reg", 31 0;
v0x562ddfe2a0a0_0 .net "ReadDataW", 31 0, L_0x562ddfe43870;  alias, 1 drivers
v0x562ddfe2a180_0 .net "RegWriteM", 0 0, v0x562ddfe1f290_0;  alias, 1 drivers
v0x562ddfe2a250_0 .net "RegWriteMH", 0 0, L_0x562ddfe43670;  alias, 1 drivers
v0x562ddfe2a320_0 .var "RegWriteM_reg", 0 0;
v0x562ddfe2a4d0_0 .net "RegWriteW", 0 0, v0x562ddfe2a320_0;  alias, 1 drivers
v0x562ddfe2a5c0_0 .net "ResultSrcM", 1 0, L_0x562ddfe42ee0;  alias, 1 drivers
v0x562ddfe2a680_0 .var "ResultSrcM_reg", 1 0;
v0x562ddfe2a740_0 .net "ResultSrcW", 1 0, L_0x562ddfe43b90;  alias, 1 drivers
v0x562ddfe2a820_0 .net "WriteDataM", 31 0, L_0x562ddfe42b00;  alias, 1 drivers
v0x562ddfe2a930_0 .net "clk", 0 0, v0x562ddfe2f270_0;  alias, 1 drivers
v0x562ddfe2a9d0_0 .net "rst", 0 0, v0x562ddfe2f3f0_0;  alias, 1 drivers
S_0x562ddfe28b30 .scope module, "Data_Memory" "dataMemory" 19 32, 20 3 0, S_0x562ddfe28760;
 .timescale 0 0;
    .port_info 0 /INPUT 1 "clk";
    .port_info 1 /INPUT 1 "rst";
    .port_info 2 /INPUT 1 "WE";
    .port_info 3 /INPUT 32 "A";
    .port_info 4 /INPUT 32 "WD";
    .port_info 5 /OUTPUT 32 "RD";
v0x562ddfe28d70_0 .net "A", 31 0, v0x562ddfe1df90_0;  alias, 1 drivers
v0x562ddfe28e50_0 .net "RD", 31 0, L_0x562ddfe432c0;  alias, 1 drivers
v0x562ddfe28f30_0 .net "WD", 31 0, L_0x562ddfe42b00;  alias, 1 drivers
v0x562ddfe28fd0_0 .net "WE", 0 0, L_0x562ddfe42de0;  alias, 1 drivers
L_0x7f2de1fe5450 .functor BUFT 1, C4<00000000000000000000000000000000>, C4<0>, C4<0>, C4<0>;
v0x562ddfe290a0_0 .net/2u *"_ivl_0", 31 0, L_0x7f2de1fe5450;  1 drivers
v0x562ddfe29190_0 .net *"_ivl_2", 31 0, L_0x562ddfe43220;  1 drivers
v0x562ddfe29270_0 .net "clk", 0 0, v0x562ddfe2f270_0;  alias, 1 drivers
v0x562ddfe29310 .array "mem", 511 0, 31 0;
v0x562ddfe293d0_0 .net "rst", 0 0, v0x562ddfe2f3f0_0;  alias, 1 drivers
L_0x562ddfe43220 .array/port v0x562ddfe29310, v0x562ddfe1df90_0;
L_0x562ddfe432c0 .functor MUXZ 32, L_0x562ddfe43220, L_0x7f2de1fe5450, v0x562ddfe2f3f0_0, C4<>;
S_0x562ddfe2ac90 .scope module, "Writeback" "writeBackStage" 4 189, 21 6 0, S_0x562ddfded850;
 .timescale 0 0;
    .port_info 0 /INPUT 1 "clk";
    .port_info 1 /INPUT 1 "rst";
    .port_info 2 /INPUT 32 "ALUResultW";
    .port_info 3 /INPUT 32 "ReadDataW";
    .port_info 4 /INPUT 32 "PCPlus4W";
    .port_info 5 /INPUT 2 "ResultSrcW";
    .port_info 6 /INPUT 5 "RdW";
    .port_info 7 /INOUT 1 "RegWriteW";
    .port_info 8 /OUTPUT 5 "RdWH";
    .port_info 9 /OUTPUT 1 "RegWriteWH";
    .port_info 10 /OUTPUT 32 "ResultW";
L_0x562ddfe43c90 .functor BUFZ 5, v0x562ddfe29da0_0, C4<00000>, C4<00000>, C4<00000>;
L_0x562ddfe43d00 .functor BUFZ 1, v0x562ddfe2a320_0, C4<0>, C4<0>, C4<0>;
v0x562ddfe2b6f0_0 .net "ALUResultW", 31 0, L_0x562ddfe43770;  alias, 1 drivers
v0x562ddfe2b820_0 .net "PCPlus4W", 31 0, L_0x562ddfe43970;  alias, 1 drivers
v0x562ddfe2b930_0 .net "RdW", 4 0, v0x562ddfe29da0_0;  alias, 1 drivers
v0x562ddfe2b9d0_0 .net "RdWH", 4 0, L_0x562ddfe43c90;  alias, 1 drivers
v0x562ddfe2ba90_0 .net "ReadDataW", 31 0, L_0x562ddfe43870;  alias, 1 drivers
v0x562ddfe2bbd0_0 .net "RegWriteW", 0 0, v0x562ddfe2a320_0;  alias, 1 drivers
v0x562ddfe2bc70_0 .net "RegWriteWH", 0 0, L_0x562ddfe43d00;  alias, 1 drivers
v0x562ddfe2bd10_0 .net "ResultSrcW", 1 0, L_0x562ddfe43b90;  alias, 1 drivers
v0x562ddfe2be00_0 .net "ResultW", 31 0, v0x562ddfe2b4b0_0;  alias, 1 drivers
v0x562ddfe2bec0_0 .net "clk", 0 0, v0x562ddfe2f270_0;  alias, 1 drivers
v0x562ddfe2c070_0 .net "rst", 0 0, v0x562ddfe2f3f0_0;  alias, 1 drivers
S_0x562ddfe2af80 .scope module, "Result_mux" "mux_3to1" 21 25, 14 20 0, S_0x562ddfe2ac90;
 .timescale 0 0;
    .port_info 0 /INPUT 32 "a";
    .port_info 1 /INPUT 32 "b";
    .port_info 2 /INPUT 32 "c";
    .port_info 3 /INPUT 2 "sel";
    .port_info 4 /OUTPUT 32 "out";
v0x562ddfe2b1d0_0 .net "a", 31 0, L_0x562ddfe43770;  alias, 1 drivers
v0x562ddfe2b2e0_0 .net "b", 31 0, L_0x562ddfe43870;  alias, 1 drivers
v0x562ddfe2b3b0_0 .net "c", 31 0, L_0x562ddfe43970;  alias, 1 drivers
v0x562ddfe2b4b0_0 .var "out", 31 0;
v0x562ddfe2b550_0 .net "sel", 1 0, L_0x562ddfe43b90;  alias, 1 drivers
E_0x562ddfe28d30 .event edge, v0x562ddfe2a740_0, v0x562ddfe29aa0_0, v0x562ddfe2a0a0_0, v0x562ddfe297c0_0;
    .scope S_0x562ddfe21a10;
T_0 ;
    %wait E_0x562ddfe21c50;
    %load/vec4 v0x562ddfe21f50_0;
    %dup/vec4;
    %pushi/vec4 0, 0, 1;
    %cmp/u;
    %jmp/1 T_0.0, 6;
    %dup/vec4;
    %pushi/vec4 1, 0, 1;
    %cmp/u;
    %jmp/1 T_0.1, 6;
    %jmp T_0.2;
T_0.0 ;
    %load/vec4 v0x562ddfe21cb0_0;
    %store/vec4 v0x562ddfe21e90_0, 0, 32;
    %jmp T_0.2;
T_0.1 ;
    %load/vec4 v0x562ddfe21da0_0;
    %store/vec4 v0x562ddfe21e90_0, 0, 32;
    %jmp T_0.2;
T_0.2 ;
    %pop/vec4 1;
    %jmp T_0;
    .thread T_0, $push;
    .scope S_0x562ddfe220b0;
T_1 ;
    %wait E_0x562ddfd6f890;
    %load/vec4 v0x562ddfe22790_0;
    %flag_set/vec4 8;
    %jmp/0xz  T_1.0, 8;
    %pushi/vec4 0, 0, 32;
    %assign/vec4 v0x562ddfe22480_0, 0;
    %jmp T_1.1;
T_1.0 ;
    %load/vec4 v0x562ddfe22550_0;
    %nor/r;
    %flag_set/vec4 8;
    %jmp/0xz  T_1.2, 8;
    %load/vec4 v0x562ddfe223c0_0;
    %assign/vec4 v0x562ddfe22480_0, 0;
T_1.2 ;
T_1.1 ;
    %jmp T_1;
    .thread T_1;
    .scope S_0x562ddfe20bb0;
T_2 ;
    %vpi_call/w 16 14 "$readmemh", "bookTest.hex", v0x562ddfe212b0 {0 0 0};
    %end;
    .thread T_2;
    .scope S_0x562ddfe208d0;
T_3 ;
    %pushi/vec4 0, 0, 32;
    %assign/vec4 v0x562ddfe22d70_0, 0;
    %end;
    .thread T_3;
    .scope S_0x562ddfe208d0;
T_4 ;
    %wait E_0x562ddfd6f890;
    %load/vec4 v0x562ddfe235e0_0;
    %load/vec4 v0x562ddfe228d0_0;
    %or;
    %flag_set/vec4 8;
    %jmp/0xz  T_4.0, 8;
    %pushi/vec4 0, 0, 32;
    %assign/vec4 v0x562ddfe22d70_0, 0;
    %pushi/vec4 0, 0, 32;
    %assign/vec4 v0x562ddfe23150_0, 0;
    %pushi/vec4 0, 0, 32;
    %assign/vec4 v0x562ddfe22b70_0, 0;
    %jmp T_4.1;
T_4.0 ;
    %load/vec4 v0x562ddfe233e0_0;
    %nor/r;
    %flag_set/vec4 8;
    %jmp/0xz  T_4.2, 8;
    %load/vec4 v0x562ddfe22a70_0;
    %assign/vec4 v0x562ddfe22b70_0, 0;
    %load/vec4 v0x562ddfe22cd0_0;
    %assign/vec4 v0x562ddfe22d70_0, 0;
    %load/vec4 v0x562ddfe230b0_0;
    %assign/vec4 v0x562ddfe23150_0, 0;
T_4.2 ;
T_4.1 ;
    %delay 1, 0;
    %vpi_call/w 15 81 "$display", "--- FETCH STAGE ---" {0 0 0};
    %vpi_call/w 15 82 "$display", "PCF = %32b", v0x562ddfe22cd0_0 {0 0 0};
    %vpi_call/w 15 84 "$display", "InstrD = %32b", v0x562ddfe229b0_0 {0 0 0};
    %jmp T_4;
    .thread T_4;
    .scope S_0x562ddfdf35c0;
T_5 ;
    %pushi/vec4 0, 0, 32;
    %ix/load 3, 0, 0;
    %flag_set/imm 4, 0;
    %ix/load 4, 0, 0; Constant delay
    %assign/vec4/a/d v0x562ddfe16880, 0, 4;
    %pushi/vec4 8192, 0, 32;
    %ix/load 3, 0, 0;
    %flag_set/imm 4, 0;
    %ix/load 4, 0, 0; Constant delay
    %assign/vec4/a/d v0x562ddfe16940, 0, 4;
    %end;
    .thread T_5;
    .scope S_0x562ddfdf35c0;
T_6 ;
    %wait E_0x562ddfe0a1e0;
    %load/vec4 v0x562ddfe16000_0;
    %load/vec4 v0x562ddfe15c20_0;
    %pushi/vec4 0, 0, 5;
    %cmp/ne;
    %flag_get/vec4 4;
    %and;
    %flag_set/vec4 8;
    %jmp/0xz  T_6.0, 8;
    %load/vec4 v0x562ddfe15f20_0;
    %load/vec4 v0x562ddfe15c20_0;
    %pad/u 7;
    %ix/vec4 3;
    %ix/load 4, 0, 0; Constant delay
    %assign/vec4/a/d v0x562ddfe16880, 0, 4;
    %vpi_call/w 10 30 "$display", "Wrote %32b to r%d", v0x562ddfe15f20_0, v0x562ddfe15c20_0 {0 0 0};
T_6.0 ;
    %jmp T_6;
    .thread T_6, $push;
    .scope S_0x562ddfdf4160;
T_7 ;
    %wait E_0x562ddfe09f00;
    %vpi_call/w 9 10 "$display", "inp = %25b", v0x562ddfe15750_0 {0 0 0};
    %load/vec4 v0x562ddfe15620_0;
    %dup/vec4;
    %pushi/vec4 0, 0, 2;
    %cmp/u;
    %jmp/1 T_7.0, 6;
    %dup/vec4;
    %pushi/vec4 1, 0, 2;
    %cmp/u;
    %jmp/1 T_7.1, 6;
    %dup/vec4;
    %pushi/vec4 2, 0, 2;
    %cmp/u;
    %jmp/1 T_7.2, 6;
    %dup/vec4;
    %pushi/vec4 3, 0, 2;
    %cmp/u;
    %jmp/1 T_7.3, 6;
    %pushi/vec4 4294967295, 4294967295, 32;
    %store/vec4 v0x562ddfe15830_0, 0, 32;
    %jmp T_7.5;
T_7.0 ;
    %load/vec4 v0x562ddfe15750_0;
    %parti/s 1, 24, 6;
    %replicate 20;
    %load/vec4 v0x562ddfe15750_0;
    %parti/s 12, 13, 5;
    %concat/vec4; draw_concat_vec4
    %store/vec4 v0x562ddfe15830_0, 0, 32;
    %jmp T_7.5;
T_7.1 ;
    %load/vec4 v0x562ddfe15750_0;
    %parti/s 1, 24, 6;
    %replicate 20;
    %load/vec4 v0x562ddfe15750_0;
    %parti/s 7, 18, 6;
    %concat/vec4; draw_concat_vec4
    %load/vec4 v0x562ddfe15750_0;
    %parti/s 5, 0, 2;
    %concat/vec4; draw_concat_vec4
    %store/vec4 v0x562ddfe15830_0, 0, 32;
    %jmp T_7.5;
T_7.2 ;
    %load/vec4 v0x562ddfe15750_0;
    %parti/s 1, 24, 6;
    %replicate 20;
    %load/vec4 v0x562ddfe15750_0;
    %parti/s 1, 0, 2;
    %concat/vec4; draw_concat_vec4
    %load/vec4 v0x562ddfe15750_0;
    %parti/s 6, 18, 6;
    %concat/vec4; draw_concat_vec4
    %load/vec4 v0x562ddfe15750_0;
    %parti/s 4, 1, 2;
    %concat/vec4; draw_concat_vec4
    %concati/vec4 0, 0, 1;
    %store/vec4 v0x562ddfe15830_0, 0, 32;
    %jmp T_7.5;
T_7.3 ;
    %load/vec4 v0x562ddfe15750_0;
    %parti/s 1, 24, 6;
    %replicate 12;
    %load/vec4 v0x562ddfe15750_0;
    %parti/s 8, 5, 4;
    %concat/vec4; draw_concat_vec4
    %load/vec4 v0x562ddfe15750_0;
    %parti/s 1, 13, 5;
    %concat/vec4; draw_concat_vec4
    %load/vec4 v0x562ddfe15750_0;
    %parti/s 10, 14, 5;
    %concat/vec4; draw_concat_vec4
    %concati/vec4 0, 0, 1;
    %store/vec4 v0x562ddfe15830_0, 0, 32;
    %jmp T_7.5;
T_7.5 ;
    %pop/vec4 1;
    %jmp T_7;
    .thread T_7, $push;
    .scope S_0x562ddfdf3d80;
T_8 ;
    %wait E_0x562ddfd1b230;
    %load/vec4 v0x562ddfe146d0_0;
    %dup/vec4;
    %pushi/vec4 3, 0, 7;
    %cmp/u;
    %jmp/1 T_8.0, 6;
    %dup/vec4;
    %pushi/vec4 51, 0, 7;
    %cmp/u;
    %jmp/1 T_8.1, 6;
    %dup/vec4;
    %pushi/vec4 19, 0, 7;
    %cmp/u;
    %jmp/1 T_8.2, 6;
    %dup/vec4;
    %pushi/vec4 111, 0, 7;
    %cmp/u;
    %jmp/1 T_8.3, 6;
    %pushi/vec4 0, 0, 1;
    %store/vec4 v0x562ddfe14870_0, 0, 1;
    %jmp T_8.5;
T_8.0 ;
    %pushi/vec4 1, 0, 1;
    %store/vec4 v0x562ddfe14870_0, 0, 1;
    %jmp T_8.5;
T_8.1 ;
    %pushi/vec4 1, 0, 1;
    %store/vec4 v0x562ddfe14870_0, 0, 1;
    %jmp T_8.5;
T_8.2 ;
    %pushi/vec4 1, 0, 1;
    %store/vec4 v0x562ddfe14870_0, 0, 1;
    %jmp T_8.5;
T_8.3 ;
    %pushi/vec4 1, 0, 1;
    %store/vec4 v0x562ddfe14870_0, 0, 1;
    %jmp T_8.5;
T_8.5 ;
    %pop/vec4 1;
    %load/vec4 v0x562ddfe146d0_0;
    %dup/vec4;
    %pushi/vec4 35, 0, 7;
    %cmp/u;
    %jmp/1 T_8.6, 6;
    %dup/vec4;
    %pushi/vec4 99, 0, 7;
    %cmp/u;
    %jmp/1 T_8.7, 6;
    %dup/vec4;
    %pushi/vec4 111, 0, 7;
    %cmp/u;
    %jmp/1 T_8.8, 6;
    %pushi/vec4 0, 0, 2;
    %store/vec4 v0x562ddfe14420_0, 0, 2;
    %jmp T_8.10;
T_8.6 ;
    %pushi/vec4 1, 0, 2;
    %store/vec4 v0x562ddfe14420_0, 0, 2;
    %jmp T_8.10;
T_8.7 ;
    %pushi/vec4 2, 0, 2;
    %store/vec4 v0x562ddfe14420_0, 0, 2;
    %jmp T_8.10;
T_8.8 ;
    %pushi/vec4 3, 0, 2;
    %store/vec4 v0x562ddfe14420_0, 0, 2;
    %jmp T_8.10;
T_8.10 ;
    %pop/vec4 1;
    %load/vec4 v0x562ddfe146d0_0;
    %dup/vec4;
    %pushi/vec4 3, 0, 7;
    %cmp/u;
    %jmp/1 T_8.11, 6;
    %dup/vec4;
    %pushi/vec4 35, 0, 7;
    %cmp/u;
    %jmp/1 T_8.12, 6;
    %dup/vec4;
    %pushi/vec4 19, 0, 7;
    %cmp/u;
    %jmp/1 T_8.13, 6;
    %pushi/vec4 0, 0, 1;
    %store/vec4 v0x562ddfdf8570_0, 0, 1;
    %jmp T_8.15;
T_8.11 ;
    %pushi/vec4 1, 0, 1;
    %store/vec4 v0x562ddfdf8570_0, 0, 1;
    %jmp T_8.15;
T_8.12 ;
    %pushi/vec4 1, 0, 1;
    %store/vec4 v0x562ddfdf8570_0, 0, 1;
    %jmp T_8.15;
T_8.13 ;
    %pushi/vec4 1, 0, 1;
    %store/vec4 v0x562ddfdf8570_0, 0, 1;
    %jmp T_8.15;
T_8.15 ;
    %pop/vec4 1;
    %load/vec4 v0x562ddfe146d0_0;
    %dup/vec4;
    %pushi/vec4 35, 0, 7;
    %cmp/u;
    %jmp/1 T_8.16, 6;
    %pushi/vec4 0, 0, 1;
    %store/vec4 v0x562ddfe14610_0, 0, 1;
    %jmp T_8.18;
T_8.16 ;
    %pushi/vec4 1, 0, 1;
    %store/vec4 v0x562ddfe14610_0, 0, 1;
    %jmp T_8.18;
T_8.18 ;
    %pop/vec4 1;
    %load/vec4 v0x562ddfe146d0_0;
    %dup/vec4;
    %pushi/vec4 3, 0, 7;
    %cmp/u;
    %jmp/1 T_8.19, 6;
    %dup/vec4;
    %pushi/vec4 111, 0, 7;
    %cmp/u;
    %jmp/1 T_8.20, 6;
    %pushi/vec4 0, 0, 2;
    %store/vec4 v0x562ddfe14930_0, 0, 2;
    %jmp T_8.22;
T_8.19 ;
    %pushi/vec4 1, 0, 2;
    %store/vec4 v0x562ddfe14930_0, 0, 2;
    %jmp T_8.22;
T_8.20 ;
    %pushi/vec4 2, 0, 2;
    %store/vec4 v0x562ddfe14930_0, 0, 2;
    %jmp T_8.22;
T_8.22 ;
    %pop/vec4 1;
    %load/vec4 v0x562ddfe146d0_0;
    %dup/vec4;
    %pushi/vec4 99, 0, 7;
    %cmp/u;
    %jmp/1 T_8.23, 6;
    %pushi/vec4 0, 0, 1;
    %store/vec4 v0x562ddfe14380_0, 0, 1;
    %jmp T_8.25;
T_8.23 ;
    %pushi/vec4 1, 0, 1;
    %store/vec4 v0x562ddfe14380_0, 0, 1;
    %jmp T_8.25;
T_8.25 ;
    %pop/vec4 1;
    %load/vec4 v0x562ddfe146d0_0;
    %dup/vec4;
    %pushi/vec4 51, 0, 7;
    %cmp/u;
    %jmp/1 T_8.26, 6;
    %dup/vec4;
    %pushi/vec4 99, 0, 7;
    %cmp/u;
    %jmp/1 T_8.27, 6;
    %dup/vec4;
    %pushi/vec4 19, 0, 7;
    %cmp/u;
    %jmp/1 T_8.28, 6;
    %pushi/vec4 0, 0, 2;
    %store/vec4 v0x562ddfd96c20_0, 0, 2;
    %jmp T_8.30;
T_8.26 ;
    %pushi/vec4 2, 0, 2;
    %store/vec4 v0x562ddfd96c20_0, 0, 2;
    %jmp T_8.30;
T_8.27 ;
    %pushi/vec4 1, 0, 2;
    %store/vec4 v0x562ddfd96c20_0, 0, 2;
    %jmp T_8.30;
T_8.28 ;
    %pushi/vec4 2, 0, 2;
    %store/vec4 v0x562ddfd96c20_0, 0, 2;
    %jmp T_8.30;
T_8.30 ;
    %pop/vec4 1;
    %load/vec4 v0x562ddfe146d0_0;
    %dup/vec4;
    %pushi/vec4 111, 0, 7;
    %cmp/u;
    %jmp/1 T_8.31, 6;
    %pushi/vec4 0, 0, 1;
    %store/vec4 v0x562ddfe14500_0, 0, 1;
    %jmp T_8.33;
T_8.31 ;
    %pushi/vec4 1, 0, 1;
    %store/vec4 v0x562ddfe14500_0, 0, 1;
    %jmp T_8.33;
T_8.33 ;
    %pop/vec4 1;
    %jmp T_8;
    .thread T_8, $push;
    .scope S_0x562ddfe07170;
T_9 ;
    %wait E_0x562ddfd6f8d0;
    %load/vec4 v0x562ddfdc88b0_0;
    %dup/vec4;
    %pushi/vec4 0, 0, 2;
    %cmp/u;
    %jmp/1 T_9.0, 6;
    %dup/vec4;
    %pushi/vec4 1, 0, 2;
    %cmp/u;
    %jmp/1 T_9.1, 6;
    %dup/vec4;
    %pushi/vec4 2, 0, 2;
    %cmp/u;
    %jmp/1 T_9.2, 6;
    %pushi/vec4 0, 0, 3;
    %store/vec4 v0x562ddfdcd230_0, 0, 3;
    %jmp T_9.4;
T_9.0 ;
    %pushi/vec4 0, 0, 3;
    %store/vec4 v0x562ddfdcd230_0, 0, 3;
    %jmp T_9.4;
T_9.1 ;
    %pushi/vec4 1, 0, 3;
    %store/vec4 v0x562ddfdcd230_0, 0, 3;
    %jmp T_9.4;
T_9.2 ;
    %load/vec4 v0x562ddfdf0bb0_0;
    %dup/vec4;
    %pushi/vec4 0, 0, 3;
    %cmp/u;
    %jmp/1 T_9.5, 6;
    %dup/vec4;
    %pushi/vec4 2, 0, 3;
    %cmp/u;
    %jmp/1 T_9.6, 6;
    %dup/vec4;
    %pushi/vec4 6, 0, 3;
    %cmp/u;
    %jmp/1 T_9.7, 6;
    %dup/vec4;
    %pushi/vec4 7, 0, 3;
    %cmp/u;
    %jmp/1 T_9.8, 6;
    %pushi/vec4 0, 0, 3;
    %store/vec4 v0x562ddfdcd230_0, 0, 3;
    %jmp T_9.10;
T_9.5 ;
    %load/vec4 v0x562ddfdc89b0_0;
    %load/vec4 v0x562ddfdf0c50_0;
    %concat/vec4; draw_concat_vec4
    %dup/vec4;
    %pushi/vec4 3, 0, 2;
    %cmp/u;
    %jmp/1 T_9.11, 6;
    %pushi/vec4 0, 0, 3;
    %store/vec4 v0x562ddfdcd230_0, 0, 3;
    %jmp T_9.13;
T_9.11 ;
    %pushi/vec4 1, 0, 3;
    %store/vec4 v0x562ddfdcd230_0, 0, 3;
    %jmp T_9.13;
T_9.13 ;
    %pop/vec4 1;
    %jmp T_9.10;
T_9.6 ;
    %pushi/vec4 5, 0, 3;
    %store/vec4 v0x562ddfdcd230_0, 0, 3;
    %jmp T_9.10;
T_9.7 ;
    %pushi/vec4 3, 0, 3;
    %store/vec4 v0x562ddfdcd230_0, 0, 3;
    %jmp T_9.10;
T_9.8 ;
    %pushi/vec4 2, 0, 3;
    %store/vec4 v0x562ddfdcd230_0, 0, 3;
    %jmp T_9.10;
T_9.10 ;
    %pop/vec4 1;
    %jmp T_9.4;
T_9.4 ;
    %pop/vec4 1;
    %jmp T_9;
    .thread T_9, $push;
    .scope S_0x562ddfdedc30;
T_10 ;
    %wait E_0x562ddfd6f890;
    %load/vec4 v0x562ddfe19580_0;
    %load/vec4 v0x562ddfe17390_0;
    %or;
    %flag_set/vec4 8;
    %jmp/0xz  T_10.0, 8;
    %pushi/vec4 0, 0, 32;
    %assign/vec4 v0x562ddfe182e0_0, 0;
    %pushi/vec4 0, 0, 32;
    %assign/vec4 v0x562ddfe18540_0, 0;
    %pushi/vec4 0, 0, 32;
    %assign/vec4 v0x562ddfe17dc0_0, 0;
    %pushi/vec4 0, 0, 32;
    %assign/vec4 v0x562ddfe18060_0, 0;
    %pushi/vec4 0, 0, 5;
    %assign/vec4 v0x562ddfe19080_0, 0;
    %pushi/vec4 0, 0, 5;
    %assign/vec4 v0x562ddfe19320_0, 0;
    %pushi/vec4 0, 0, 5;
    %assign/vec4 v0x562ddfe186e0_0, 0;
    %pushi/vec4 0, 0, 32;
    %assign/vec4 v0x562ddfe17510_0, 0;
    %pushi/vec4 0, 0, 1;
    %assign/vec4 v0x562ddfe18a50_0, 0;
    %pushi/vec4 0, 0, 1;
    %assign/vec4 v0x562ddfe17b60_0, 0;
    %pushi/vec4 0, 0, 1;
    %assign/vec4 v0x562ddfe178f0_0, 0;
    %pushi/vec4 0, 0, 1;
    %assign/vec4 v0x562ddfe17210_0, 0;
    %pushi/vec4 0, 0, 1;
    %assign/vec4 v0x562ddfe16f50_0, 0;
    %pushi/vec4 0, 0, 2;
    %assign/vec4 v0x562ddfe18d40_0, 0;
    %pushi/vec4 0, 0, 3;
    %assign/vec4 v0x562ddfe16cc0_0, 0;
    %jmp T_10.1;
T_10.0 ;
    %load/vec4 v0x562ddfe18220_0;
    %assign/vec4 v0x562ddfe182e0_0, 0;
    %load/vec4 v0x562ddfe18480_0;
    %assign/vec4 v0x562ddfe18540_0, 0;
    %load/vec4 v0x562ddfe17ce0_0;
    %assign/vec4 v0x562ddfe17dc0_0, 0;
    %load/vec4 v0x562ddfe17f80_0;
    %assign/vec4 v0x562ddfe18060_0, 0;
    %load/vec4 v0x562ddfe17770_0;
    %parti/s 5, 15, 5;
    %assign/vec4 v0x562ddfe19080_0, 0;
    %load/vec4 v0x562ddfe17770_0;
    %parti/s 5, 20, 6;
    %assign/vec4 v0x562ddfe19320_0, 0;
    %load/vec4 v0x562ddfe17770_0;
    %parti/s 5, 7, 4;
    %assign/vec4 v0x562ddfe186e0_0, 0;
    %load/vec4 v0x562ddfe17450_0;
    %assign/vec4 v0x562ddfe17510_0, 0;
    %load/vec4 v0x562ddfe18960_0;
    %assign/vec4 v0x562ddfe18a50_0, 0;
    %load/vec4 v0x562ddfe17a70_0;
    %assign/vec4 v0x562ddfe17b60_0, 0;
    %load/vec4 v0x562ddfe17850_0;
    %assign/vec4 v0x562ddfe178f0_0, 0;
    %load/vec4 v0x562ddfe17120_0;
    %assign/vec4 v0x562ddfe17210_0, 0;
    %load/vec4 v0x562ddfe16e60_0;
    %assign/vec4 v0x562ddfe16f50_0, 0;
    %load/vec4 v0x562ddfe18c50_0;
    %assign/vec4 v0x562ddfe18d40_0, 0;
    %load/vec4 v0x562ddfe16be0_0;
    %assign/vec4 v0x562ddfe16cc0_0, 0;
T_10.1 ;
    %delay 2, 0;
    %vpi_call/w 5 120 "$display", "--- DECODE STAGE ---" {0 0 0};
    %vpi_call/w 5 128 "$display", "RD1E = %32b", v0x562ddfe183a0_0 {0 0 0};
    %vpi_call/w 5 129 "$display", "RD2E = %32b", v0x562ddfe18600_0 {0 0 0};
    %vpi_call/w 5 130 "$display", "ImmExtE = %32b", v0x562ddfe175d0_0 {0 0 0};
    %jmp T_10;
    .thread T_10;
    .scope S_0x562ddfe1c7b0;
T_11 ;
    %wait E_0x562ddfe1a100;
    %load/vec4 v0x562ddfe1cdb0_0;
    %dup/vec4;
    %pushi/vec4 0, 0, 2;
    %cmp/u;
    %jmp/1 T_11.0, 6;
    %dup/vec4;
    %pushi/vec4 1, 0, 2;
    %cmp/u;
    %jmp/1 T_11.1, 6;
    %dup/vec4;
    %pushi/vec4 2, 0, 2;
    %cmp/u;
    %jmp/1 T_11.2, 6;
    %jmp T_11.3;
T_11.0 ;
    %load/vec4 v0x562ddfe1ca20_0;
    %store/vec4 v0x562ddfe1ccc0_0, 0, 32;
    %jmp T_11.3;
T_11.1 ;
    %load/vec4 v0x562ddfe1cb10_0;
    %store/vec4 v0x562ddfe1ccc0_0, 0, 32;
    %jmp T_11.3;
T_11.2 ;
    %load/vec4 v0x562ddfe1cc00_0;
    %store/vec4 v0x562ddfe1ccc0_0, 0, 32;
    %jmp T_11.3;
T_11.3 ;
    %pop/vec4 1;
    %jmp T_11;
    .thread T_11, $push;
    .scope S_0x562ddfe1cf60;
T_12 ;
    %wait E_0x562ddfe1d140;
    %load/vec4 v0x562ddfe1d540_0;
    %dup/vec4;
    %pushi/vec4 0, 0, 2;
    %cmp/u;
    %jmp/1 T_12.0, 6;
    %dup/vec4;
    %pushi/vec4 1, 0, 2;
    %cmp/u;
    %jmp/1 T_12.1, 6;
    %dup/vec4;
    %pushi/vec4 2, 0, 2;
    %cmp/u;
    %jmp/1 T_12.2, 6;
    %jmp T_12.3;
T_12.0 ;
    %load/vec4 v0x562ddfe1d1d0_0;
    %store/vec4 v0x562ddfe1d480_0, 0, 32;
    %jmp T_12.3;
T_12.1 ;
    %load/vec4 v0x562ddfe1d2e0_0;
    %store/vec4 v0x562ddfe1d480_0, 0, 32;
    %jmp T_12.3;
T_12.2 ;
    %load/vec4 v0x562ddfe1d380_0;
    %store/vec4 v0x562ddfe1d480_0, 0, 32;
    %jmp T_12.3;
T_12.3 ;
    %pop/vec4 1;
    %jmp T_12;
    .thread T_12, $push;
    .scope S_0x562ddfe1d710;
T_13 ;
    %wait E_0x562ddfe1d940;
    %load/vec4 v0x562ddfe1dc60_0;
    %dup/vec4;
    %pushi/vec4 0, 0, 1;
    %cmp/u;
    %jmp/1 T_13.0, 6;
    %dup/vec4;
    %pushi/vec4 1, 0, 1;
    %cmp/u;
    %jmp/1 T_13.1, 6;
    %jmp T_13.2;
T_13.0 ;
    %load/vec4 v0x562ddfe1d9c0_0;
    %store/vec4 v0x562ddfe1db90_0, 0, 32;
    %jmp T_13.2;
T_13.1 ;
    %load/vec4 v0x562ddfe1daa0_0;
    %store/vec4 v0x562ddfe1db90_0, 0, 32;
    %jmp T_13.2;
T_13.2 ;
    %pop/vec4 1;
    %jmp T_13;
    .thread T_13, $push;
    .scope S_0x562ddfe19f20;
T_14 ;
    %wait E_0x562ddfe1a1f0;
    %load/vec4 v0x562ddfe1a270_0;
    %cmpi/e 4, 0, 3;
    %jmp/0xz  T_14.0, 4;
    %load/vec4 v0x562ddfe1baa0_0;
    %load/vec4 v0x562ddfe1bb80_0;
    %mul;
    %assign/vec4 v0x562ddfe1a380_0, 0;
    %load/vec4 v0x562ddfe1a380_0;
    %assign/vec4 v0x562ddfe1a440_0, 0;
    %load/vec4 v0x562ddfe1a440_0;
    %assign/vec4 v0x562ddfe1a530_0, 0;
    %load/vec4 v0x562ddfe1a530_0;
    %assign/vec4 v0x562ddfe1a610_0, 0;
T_14.0 ;
    %jmp T_14;
    .thread T_14;
    .scope S_0x562ddfe19a00;
T_15 ;
    %wait E_0x562ddfd6f890;
    %load/vec4 v0x562ddfe20410_0;
    %flag_set/vec4 8;
    %jmp/0xz  T_15.0, 8;
    %pushi/vec4 0, 0, 32;
    %assign/vec4 v0x562ddfe1df90_0, 0;
    %pushi/vec4 0, 0, 32;
    %assign/vec4 v0x562ddfe20050_0, 0;
    %pushi/vec4 0, 0, 32;
    %assign/vec4 v0x562ddfe1e960_0, 0;
    %pushi/vec4 0, 0, 5;
    %assign/vec4 v0x562ddfe1f030_0, 0;
    %pushi/vec4 0, 0, 1;
    %assign/vec4 v0x562ddfe1f290_0, 0;
    %pushi/vec4 0, 0, 1;
    %assign/vec4 v0x562ddfe1e6a0_0, 0;
    %pushi/vec4 0, 0, 2;
    %assign/vec4 v0x562ddfe1f580_0, 0;
    %jmp T_15.1;
T_15.0 ;
    %load/vec4 v0x562ddfe1ded0_0;
    %assign/vec4 v0x562ddfe1df90_0, 0;
    %load/vec4 v0x562ddfe1ff40_0;
    %assign/vec4 v0x562ddfe20050_0, 0;
    %load/vec4 v0x562ddfe1e8a0_0;
    %assign/vec4 v0x562ddfe1e960_0, 0;
    %load/vec4 v0x562ddfe1eeb0_0;
    %assign/vec4 v0x562ddfe1f030_0, 0;
    %load/vec4 v0x562ddfe1f1f0_0;
    %assign/vec4 v0x562ddfe1f290_0, 0;
    %load/vec4 v0x562ddfe1e5d0_0;
    %assign/vec4 v0x562ddfe1e6a0_0, 0;
    %load/vec4 v0x562ddfe1f3f0_0;
    %assign/vec4 v0x562ddfe1f580_0, 0;
T_15.1 ;
    %delay 3, 0;
    %vpi_call/w 11 112 "$display", "--- EXECUTE STAGE ---" {0 0 0};
    %vpi_call/w 11 120 "$display", "MemWriteM = %1b", v0x562ddfe1e740_0 {0 0 0};
    %vpi_call/w 11 121 "$display", "ALUResultM = %32b", v0x562ddfe1e030_0 {0 0 0};
    %jmp T_15;
    .thread T_15;
    .scope S_0x562ddfe28b30;
T_16 ;
    %vpi_call/w 20 13 "$readmemb", "memory.txt", v0x562ddfe29310 {0 0 0};
    %end;
    .thread T_16;
    .scope S_0x562ddfe28b30;
T_17 ;
    %wait E_0x562ddfd6f890;
    %load/vec4 v0x562ddfe28fd0_0;
    %flag_set/vec4 8;
    %jmp/0xz  T_17.0, 8;
    %load/vec4 v0x562ddfe28f30_0;
    %ix/getv 3, v0x562ddfe28d70_0;
    %ix/load 4, 0, 0; Constant delay
    %assign/vec4/a/d v0x562ddfe29310, 0, 4;
    %vpi_call/w 20 20 "$display", "Wrote %32b to mem[%d]", v0x562ddfe28f30_0, v0x562ddfe28d70_0 {0 0 0};
T_17.0 ;
    %jmp T_17;
    .thread T_17;
    .scope S_0x562ddfe28760;
T_18 ;
    %wait E_0x562ddfd6f890;
    %load/vec4 v0x562ddfe2a9d0_0;
    %flag_set/vec4 8;
    %jmp/0xz  T_18.0, 8;
    %pushi/vec4 0, 0, 32;
    %assign/vec4 v0x562ddfe296e0_0, 0;
    %pushi/vec4 0, 0, 32;
    %assign/vec4 v0x562ddfe29fe0_0, 0;
    %pushi/vec4 0, 0, 32;
    %assign/vec4 v0x562ddfe299e0_0, 0;
    %pushi/vec4 0, 0, 5;
    %assign/vec4 v0x562ddfe29da0_0, 0;
    %pushi/vec4 0, 0, 1;
    %assign/vec4 v0x562ddfe2a320_0, 0;
    %pushi/vec4 0, 0, 2;
    %assign/vec4 v0x562ddfe2a680_0, 0;
    %jmp T_18.1;
T_18.0 ;
    %load/vec4 v0x562ddfe29600_0;
    %assign/vec4 v0x562ddfe296e0_0, 0;
    %load/vec4 v0x562ddfe29f20_0;
    %assign/vec4 v0x562ddfe29fe0_0, 0;
    %load/vec4 v0x562ddfe29920_0;
    %assign/vec4 v0x562ddfe299e0_0, 0;
    %load/vec4 v0x562ddfe29b80_0;
    %assign/vec4 v0x562ddfe29da0_0, 0;
    %load/vec4 v0x562ddfe2a180_0;
    %assign/vec4 v0x562ddfe2a320_0, 0;
    %load/vec4 v0x562ddfe2a5c0_0;
    %assign/vec4 v0x562ddfe2a680_0, 0;
T_18.1 ;
    %delay 4, 0;
    %vpi_call/w 19 60 "$display", "--- MEMORY STAGE ---" {0 0 0};
    %vpi_call/w 19 65 "$display", "ReadDataW = %32b", v0x562ddfe2a0a0_0 {0 0 0};
    %jmp T_18;
    .thread T_18;
    .scope S_0x562ddfe2af80;
T_19 ;
    %wait E_0x562ddfe28d30;
    %load/vec4 v0x562ddfe2b550_0;
    %dup/vec4;
    %pushi/vec4 0, 0, 2;
    %cmp/u;
    %jmp/1 T_19.0, 6;
    %dup/vec4;
    %pushi/vec4 1, 0, 2;
    %cmp/u;
    %jmp/1 T_19.1, 6;
    %dup/vec4;
    %pushi/vec4 2, 0, 2;
    %cmp/u;
    %jmp/1 T_19.2, 6;
    %jmp T_19.3;
T_19.0 ;
    %load/vec4 v0x562ddfe2b1d0_0;
    %store/vec4 v0x562ddfe2b4b0_0, 0, 32;
    %jmp T_19.3;
T_19.1 ;
    %load/vec4 v0x562ddfe2b2e0_0;
    %store/vec4 v0x562ddfe2b4b0_0, 0, 32;
    %jmp T_19.3;
T_19.2 ;
    %load/vec4 v0x562ddfe2b3b0_0;
    %store/vec4 v0x562ddfe2b4b0_0, 0, 32;
    %jmp T_19.3;
T_19.3 ;
    %pop/vec4 1;
    %jmp T_19;
    .thread T_19, $push;
    .scope S_0x562ddfe2ac90;
T_20 ;
    %wait E_0x562ddfd6f890;
    %delay 5, 0;
    %vpi_call/w 21 35 "$display", "--- WRITEBACK STAGE ---" {0 0 0};
    %vpi_call/w 21 39 "$display", "ResultW = %32b", v0x562ddfe2be00_0 {0 0 0};
    %jmp T_20;
    .thread T_20;
    .scope S_0x562ddfdf31e0;
T_21 ;
    %delay 20, 0;
    %pushi/vec4 0, 0, 1;
    %store/vec4 v0x562ddfe2f270_0, 0, 1;
    %delay 10, 0;
    %pushi/vec4 1, 0, 32;
    %store/vec4 v0x562ddfe2f310_0, 0, 32;
T_21.0 ;
    %load/vec4 v0x562ddfe2f310_0;
    %cmpi/s 27, 0, 32;
    %jmp/0xz T_21.1, 5;
    %vpi_call/w 3 20 "$display", "\000" {0 0 0};
    %pushi/vec4 1, 0, 1;
    %store/vec4 v0x562ddfe2f270_0, 0, 1;
    %delay 10, 0;
    %pushi/vec4 0, 0, 1;
    %store/vec4 v0x562ddfe2f270_0, 0, 1;
    %delay 10, 0;
    %load/vec4 v0x562ddfe2f310_0;
    %addi 1, 0, 32;
    %store/vec4 v0x562ddfe2f310_0, 0, 32;
    %jmp T_21.0;
T_21.1 ;
    %end;
    .thread T_21;
    .scope S_0x562ddfdf31e0;
T_22 ;
    %vpi_call/w 3 29 "$dumpfile", "db_tb_processor.vcd" {0 0 0};
    %vpi_call/w 3 30 "$dumpvars", 32'sb00000000000000000000000000000000, S_0x562ddfdf31e0 {0 0 0};
    %vpi_call/w 3 31 "$monitor", "clk = %1b, i = %d", v0x562ddfe2f270_0, v0x562ddfe2f310_0 {0 0 0};
    %pushi/vec4 1, 0, 1;
    %store/vec4 v0x562ddfe2f3f0_0, 0, 1;
    %delay 10, 0;
    %pushi/vec4 0, 0, 1;
    %store/vec4 v0x562ddfe2f3f0_0, 0, 1;
    %end;
    .thread T_22;
# The file index is used to find the file name in the following table.
:file_names 22;
    "N/A";
    "<interactive>";
    "-";
    "processor_tb.v";
    "./processor.v";
    "./decodeStage.v";
    "./controlUnit.v";
    "./ALUDecoder.v";
    "./mainDecoder.v";
    "./extender.v";
    "./registerFile.v";
    "./executeStage.v";
    "./ALU.v";
    "./adder.v";
    "./mux.v";
    "./fetchStage.v";
    "./instructionMemory.v";
    "./programCounter.v";
    "./hazardUnit.v";
    "./memoryStage.v";
    "./dataMemory.v";
    "./writeBackStage.v";
